ARM GAS  C:\Users\umber\AppData\Local\Temp\cca8BSyI.s 			page 1


   1              		.syntax unified
   2              		.cpu cortex-m3
   3              		.fpu softvfp
   4              		.eabi_attribute 20, 1
   5              		.eabi_attribute 21, 1
   6              		.eabi_attribute 23, 3
   7              		.eabi_attribute 24, 1
   8              		.eabi_attribute 25, 1
   9              		.eabi_attribute 26, 1
  10              		.eabi_attribute 30, 1
  11              		.eabi_attribute 34, 1
  12              		.eabi_attribute 18, 4
  13              		.thumb
  14              		.syntax unified
  15              		.file	"cymetadata.c"
  16              		.text
  17              	.Ltext0:
  18              		.cfi_sections	.debug_frame
  19              		.global	cy_metadata
  20              		.global	cy_meta_flashprotect
  21              		.global	cy_meta_wonvl
  22              		.global	cy_meta_custnvl
  23              		.global	cy_meta_configecc
  24              		.section	.cyconfigecc,"a",%progbits
  25              		.align	2
  26              		.type	cy_meta_configecc, %object
  27              		.size	cy_meta_configecc, 1644
  28              	cy_meta_configecc:
  29 0000 04       		.byte	4
  30 0001 4F       		.byte	79
  31 0002 00       		.byte	0
  32 0003 40       		.byte	64
  33 0004 03       		.byte	3
  34 0005 52       		.byte	82
  35 0006 00       		.byte	0
  36 0007 40       		.byte	64
  37 0008 03       		.byte	3
  38 0009 64       		.byte	100
  39 000a 00       		.byte	0
  40 000b 40       		.byte	64
  41 000c 03       		.byte	3
  42 000d 65       		.byte	101
  43 000e 00       		.byte	0
  44 000f 40       		.byte	64
  45 0010 01       		.byte	1
  46 0011 05       		.byte	5
  47 0012 01       		.byte	1
  48 0013 40       		.byte	64
  49 0014 73       		.byte	115
  50 0015 08       		.byte	8
  51 0016 01       		.byte	1
  52 0017 40       		.byte	64
  53 0018 48       		.byte	72
  54 0019 09       		.byte	9
  55 001a 01       		.byte	1
  56 001b 40       		.byte	64
  57 001c 49       		.byte	73
ARM GAS  C:\Users\umber\AppData\Local\Temp\cca8BSyI.s 			page 2


  58 001d 0A       		.byte	10
  59 001e 01       		.byte	1
  60 001f 40       		.byte	64
  61 0020 3D       		.byte	61
  62 0021 0B       		.byte	11
  63 0022 01       		.byte	1
  64 0023 40       		.byte	64
  65 0024 04       		.byte	4
  66 0025 0C       		.byte	12
  67 0026 01       		.byte	1
  68 0027 40       		.byte	64
  69 0028 01       		.byte	1
  70 0029 0D       		.byte	13
  71 002a 01       		.byte	1
  72 002b 40       		.byte	64
  73 002c 04       		.byte	4
  74 002d 15       		.byte	21
  75 002e 01       		.byte	1
  76 002f 40       		.byte	64
  77 0030 01       		.byte	1
  78 0031 17       		.byte	23
  79 0032 01       		.byte	1
  80 0033 40       		.byte	64
  81 0034 56       		.byte	86
  82 0035 18       		.byte	24
  83 0036 01       		.byte	1
  84 0037 40       		.byte	64
  85 0038 3E       		.byte	62
  86 0039 19       		.byte	25
  87 003a 01       		.byte	1
  88 003b 40       		.byte	64
  89 003c 25       		.byte	37
  90 003d 1A       		.byte	26
  91 003e 01       		.byte	1
  92 003f 40       		.byte	64
  93 0040 4C       		.byte	76
  94 0041 1B       		.byte	27
  95 0042 01       		.byte	1
  96 0043 40       		.byte	64
  97 0044 02       		.byte	2
  98 0045 40       		.byte	64
  99 0046 01       		.byte	1
 100 0047 40       		.byte	64
 101 0048 01       		.byte	1
 102 0049 41       		.byte	65
 103 004a 01       		.byte	1
 104 004b 40       		.byte	64
 105 004c 09       		.byte	9
 106 004d 42       		.byte	66
 107 004e 01       		.byte	1
 108 004f 40       		.byte	64
 109 0050 02       		.byte	2
 110 0051 43       		.byte	67
 111 0052 01       		.byte	1
 112 0053 40       		.byte	64
 113 0054 04       		.byte	4
 114 0055 45       		.byte	69
ARM GAS  C:\Users\umber\AppData\Local\Temp\cca8BSyI.s 			page 3


 115 0056 01       		.byte	1
 116 0057 40       		.byte	64
 117 0058 05       		.byte	5
 118 0059 46       		.byte	70
 119 005a 01       		.byte	1
 120 005b 40       		.byte	64
 121 005c 04       		.byte	4
 122 005d 48       		.byte	72
 123 005e 01       		.byte	1
 124 005f 40       		.byte	64
 125 0060 13       		.byte	19
 126 0061 49       		.byte	73
 127 0062 01       		.byte	1
 128 0063 40       		.byte	64
 129 0064 0A       		.byte	10
 130 0065 4C       		.byte	76
 131 0066 01       		.byte	1
 132 0067 40       		.byte	64
 133 0068 0C       		.byte	12
 134 0069 4D       		.byte	77
 135 006a 01       		.byte	1
 136 006b 40       		.byte	64
 137 006c 04       		.byte	4
 138 006d 50       		.byte	80
 139 006e 01       		.byte	1
 140 006f 40       		.byte	64
 141 0070 02       		.byte	2
 142 0071 51       		.byte	81
 143 0072 01       		.byte	1
 144 0073 40       		.byte	64
 145 0074 01       		.byte	1
 146 0075 20       		.byte	32
 147 0076 0A       		.byte	10
 148 0077 4B       		.byte	75
 149 0078 0D       		.byte	13
 150 0079 30       		.byte	48
 151 007a 16       		.byte	22
 152 007b 4B       		.byte	75
 153 007c 10       		.byte	16
 154 007d 10       		.byte	16
 155 007e 11       		.byte	17
 156 007f 10       		.byte	16
 157 0080 14       		.byte	20
 158 0081 08       		.byte	8
 159 0082 88       		.byte	-120
 160 0083 38       		.byte	56
 161 0084 8A       		.byte	-118
 162 0085 0F       		.byte	15
 163 0086 8B       		.byte	-117
 164 0087 72       		.byte	114
 165 0088 88       		.byte	-120
 166 0089 72       		.byte	114
 167 008a 89       		.byte	-119
 168 008b 0F       		.byte	15
 169 008c 8B       		.byte	-117
 170 008d 38       		.byte	56
 171 008e EA       		.byte	-22
ARM GAS  C:\Users\umber\AppData\Local\Temp\cca8BSyI.s 			page 4


 172 008f 08       		.byte	8
 173 0090 03       		.byte	3
 174 0091 10       		.byte	16
 175 0092 07       		.byte	7
 176 0093 20       		.byte	32
 177 0094 08       		.byte	8
 178 0095 E7       		.byte	-25
 179 0096 0B       		.byte	11
 180 0097 20       		.byte	32
 181 0098 13       		.byte	19
 182 0099 10       		.byte	16
 183 009a 14       		.byte	20
 184 009b 44       		.byte	68
 185 009c 15       		.byte	21
 186 009d 0C       		.byte	12
 187 009e 16       		.byte	22
 188 009f 2A       		.byte	42
 189 00a0 17       		.byte	23
 190 00a1 03       		.byte	3
 191 00a2 18       		.byte	24
 192 00a3 02       		.byte	2
 193 00a4 1A       		.byte	26
 194 00a5 15       		.byte	21
 195 00a6 1B       		.byte	27
 196 00a7 08       		.byte	8
 197 00a8 1D       		.byte	29
 198 00a9 06       		.byte	6
 199 00aa 1F       		.byte	31
 200 00ab 09       		.byte	9
 201 00ac 21       		.byte	33
 202 00ad 06       		.byte	6
 203 00ae 23       		.byte	35
 204 00af 01       		.byte	1
 205 00b0 24       		.byte	36
 206 00b1 21       		.byte	33
 207 00b2 26       		.byte	38
 208 00b3 4A       		.byte	74
 209 00b4 27       		.byte	39
 210 00b5 03       		.byte	3
 211 00b6 28       		.byte	40
 212 00b7 E7       		.byte	-25
 213 00b8 29       		.byte	41
 214 00b9 04       		.byte	4
 215 00ba 2B       		.byte	43
 216 00bb 01       		.byte	1
 217 00bc 2C       		.byte	44
 218 00bd 80       		.byte	-128
 219 00be 30       		.byte	48
 220 00bf 80       		.byte	-128
 221 00c0 31       		.byte	49
 222 00c1 01       		.byte	1
 223 00c2 32       		.byte	50
 224 00c3 60       		.byte	96
 225 00c4 33       		.byte	51
 226 00c5 10       		.byte	16
 227 00c6 34       		.byte	52
 228 00c7 07       		.byte	7
ARM GAS  C:\Users\umber\AppData\Local\Temp\cca8BSyI.s 			page 5


 229 00c8 35       		.byte	53
 230 00c9 20       		.byte	32
 231 00ca 36       		.byte	54
 232 00cb 18       		.byte	24
 233 00cc 37       		.byte	55
 234 00cd 0F       		.byte	15
 235 00ce 3B       		.byte	59
 236 00cf 80       		.byte	-128
 237 00d0 3E       		.byte	62
 238 00d1 40       		.byte	64
 239 00d2 3F       		.byte	63
 240 00d3 15       		.byte	21
 241 00d4 40       		.byte	64
 242 00d5 54       		.byte	84
 243 00d6 41       		.byte	65
 244 00d7 02       		.byte	2
 245 00d8 42       		.byte	66
 246 00d9 06       		.byte	6
 247 00da 44       		.byte	68
 248 00db 01       		.byte	1
 249 00dc 45       		.byte	69
 250 00dd EC       		.byte	-20
 251 00de 48       		.byte	72
 252 00df 03       		.byte	3
 253 00e0 49       		.byte	73
 254 00e1 FF       		.byte	-1
 255 00e2 4A       		.byte	74
 256 00e3 FF       		.byte	-1
 257 00e4 4B       		.byte	75
 258 00e5 FF       		.byte	-1
 259 00e6 4C       		.byte	76
 260 00e7 62       		.byte	98
 261 00e8 4D       		.byte	77
 262 00e9 A0       		.byte	-96
 263 00ea 4E       		.byte	78
 264 00eb F0       		.byte	-16
 265 00ec 4F       		.byte	79
 266 00ed 41       		.byte	65
 267 00ee 50       		.byte	80
 268 00ef 0C       		.byte	12
 269 00f0 54       		.byte	84
 270 00f1 18       		.byte	24
 271 00f2 58       		.byte	88
 272 00f3 04       		.byte	4
 273 00f4 59       		.byte	89
 274 00f5 04       		.byte	4
 275 00f6 5A       		.byte	90
 276 00f7 04       		.byte	4
 277 00f8 5B       		.byte	91
 278 00f9 04       		.byte	4
 279 00fa 5C       		.byte	92
 280 00fb 10       		.byte	16
 281 00fc 5F       		.byte	95
 282 00fd 01       		.byte	1
 283 00fe 66       		.byte	102
 284 00ff 40       		.byte	64
 285 0100 67       		.byte	103
ARM GAS  C:\Users\umber\AppData\Local\Temp\cca8BSyI.s 			page 6


 286 0101 02       		.byte	2
 287 0102 69       		.byte	105
 288 0103 10       		.byte	16
 289 0104 6A       		.byte	106
 290 0105 30       		.byte	48
 291 0106 6B       		.byte	107
 292 0107 10       		.byte	16
 293 0108 6D       		.byte	109
 294 0109 10       		.byte	16
 295 010a 6E       		.byte	110
 296 010b 10       		.byte	16
 297 010c 6F       		.byte	111
 298 010d 12       		.byte	18
 299 010e 80       		.byte	-128
 300 010f 10       		.byte	16
 301 0110 82       		.byte	-126
 302 0111 0C       		.byte	12
 303 0112 87       		.byte	-121
 304 0113 1C       		.byte	28
 305 0114 88       		.byte	-120
 306 0115 20       		.byte	32
 307 0116 8A       		.byte	-118
 308 0117 03       		.byte	3
 309 0118 8C       		.byte	-116
 310 0119 10       		.byte	16
 311 011a 8D       		.byte	-115
 312 011b 81       		.byte	-127
 313 011c 8F       		.byte	-113
 314 011d 36       		.byte	54
 315 011e 90       		.byte	-112
 316 011f 0C       		.byte	12
 317 0120 92       		.byte	-110
 318 0121 11       		.byte	17
 319 0122 95       		.byte	-107
 320 0123 9C       		.byte	-100
 321 0124 97       		.byte	-105
 322 0125 23       		.byte	35
 323 0126 99       		.byte	-103
 324 0127 40       		.byte	64
 325 0128 9B       		.byte	-101
 326 0129 03       		.byte	3
 327 012a 9D       		.byte	-99
 328 012b 81       		.byte	-127
 329 012c 9F       		.byte	-97
 330 012d 3A       		.byte	58
 331 012e A0       		.byte	-96
 332 012f 14       		.byte	20
 333 0130 A3       		.byte	-93
 334 0131 04       		.byte	4
 335 0132 A4       		.byte	-92
 336 0133 09       		.byte	9
 337 0134 A6       		.byte	-90
 338 0135 10       		.byte	16
 339 0136 A8       		.byte	-88
 340 0137 1C       		.byte	28
 341 0138 AA       		.byte	-86
 342 0139 02       		.byte	2
ARM GAS  C:\Users\umber\AppData\Local\Temp\cca8BSyI.s 			page 7


 343 013a B1       		.byte	-79
 344 013b 82       		.byte	-126
 345 013c B2       		.byte	-78
 346 013d 1F       		.byte	31
 347 013e B3       		.byte	-77
 348 013f 16       		.byte	22
 349 0140 B5       		.byte	-75
 350 0141 60       		.byte	96
 351 0142 B6       		.byte	-74
 352 0143 20       		.byte	32
 353 0144 B7       		.byte	-73
 354 0145 0F       		.byte	15
 355 0146 B9       		.byte	-71
 356 0147 22       		.byte	34
 357 0148 BB       		.byte	-69
 358 0149 88       		.byte	-120
 359 014a BE       		.byte	-66
 360 014b 40       		.byte	64
 361 014c BF       		.byte	-65
 362 014d 01       		.byte	1
 363 014e C0       		.byte	-64
 364 014f 04       		.byte	4
 365 0150 C5       		.byte	-59
 366 0151 40       		.byte	64
 367 0152 C9       		.byte	-55
 368 0153 FF       		.byte	-1
 369 0154 CA       		.byte	-54
 370 0155 07       		.byte	7
 371 0156 CB       		.byte	-53
 372 0157 FF       		.byte	-1
 373 0158 CC       		.byte	-52
 374 0159 40       		.byte	64
 375 015a CD       		.byte	-51
 376 015b 20       		.byte	32
 377 015c CE       		.byte	-50
 378 015d F0       		.byte	-16
 379 015e CF       		.byte	-49
 380 015f 05       		.byte	5
 381 0160 D0       		.byte	-48
 382 0161 08       		.byte	8
 383 0162 D8       		.byte	-40
 384 0163 04       		.byte	4
 385 0164 D9       		.byte	-39
 386 0165 04       		.byte	4
 387 0166 DA       		.byte	-38
 388 0167 04       		.byte	4
 389 0168 DC       		.byte	-36
 390 0169 11       		.byte	17
 391 016a DD       		.byte	-35
 392 016b 01       		.byte	1
 393 016c DF       		.byte	-33
 394 016d 01       		.byte	1
 395 016e E0       		.byte	-32
 396 016f 40       		.byte	64
 397 0170 E1       		.byte	-31
 398 0171 A8       		.byte	-88
 399 0172 E2       		.byte	-30
ARM GAS  C:\Users\umber\AppData\Local\Temp\cca8BSyI.s 			page 8


 400 0173 40       		.byte	64
 401 0174 E3       		.byte	-29
 402 0175 20       		.byte	32
 403 0176 00       		.byte	0
 404 0177 90       		.byte	-112
 405 0178 02       		.byte	2
 406 0179 80       		.byte	-128
 407 017a 07       		.byte	7
 408 017b 04       		.byte	4
 409 017c 0B       		.byte	11
 410 017d 80       		.byte	-128
 411 017e 0E       		.byte	14
 412 017f 14       		.byte	20
 413 0180 10       		.byte	16
 414 0181 80       		.byte	-128
 415 0182 12       		.byte	18
 416 0183 28       		.byte	40
 417 0184 15       		.byte	21
 418 0185 44       		.byte	68
 419 0186 17       		.byte	23
 420 0187 10       		.byte	16
 421 0188 18       		.byte	24
 422 0189 10       		.byte	16
 423 018a 1A       		.byte	26
 424 018b 01       		.byte	1
 425 018c 1D       		.byte	29
 426 018d 82       		.byte	-126
 427 018e 1E       		.byte	30
 428 018f 34       		.byte	52
 429 0190 20       		.byte	32
 430 0191 44       		.byte	68
 431 0192 21       		.byte	33
 432 0193 40       		.byte	64
 433 0194 22       		.byte	34
 434 0195 28       		.byte	40
 435 0196 25       		.byte	37
 436 0197 04       		.byte	4
 437 0198 26       		.byte	38
 438 0199 80       		.byte	-128
 439 019a 27       		.byte	39
 440 019b 48       		.byte	72
 441 019c 29       		.byte	41
 442 019d 01       		.byte	1
 443 019e 2C       		.byte	44
 444 019f 20       		.byte	32
 445 01a0 2F       		.byte	47
 446 01a1 44       		.byte	68
 447 01a2 30       		.byte	48
 448 01a3 20       		.byte	32
 449 01a4 31       		.byte	49
 450 01a5 40       		.byte	64
 451 01a6 32       		.byte	50
 452 01a7 88       		.byte	-120
 453 01a8 33       		.byte	51
 454 01a9 20       		.byte	32
 455 01aa 36       		.byte	54
 456 01ab A8       		.byte	-88
ARM GAS  C:\Users\umber\AppData\Local\Temp\cca8BSyI.s 			page 9


 457 01ac 37       		.byte	55
 458 01ad 02       		.byte	2
 459 01ae 38       		.byte	56
 460 01af 04       		.byte	4
 461 01b0 39       		.byte	57
 462 01b1 80       		.byte	-128
 463 01b2 3B       		.byte	59
 464 01b3 80       		.byte	-128
 465 01b4 3C       		.byte	60
 466 01b5 20       		.byte	32
 467 01b6 3D       		.byte	61
 468 01b7 01       		.byte	1
 469 01b8 3F       		.byte	63
 470 01b9 18       		.byte	24
 471 01ba 40       		.byte	64
 472 01bb 40       		.byte	64
 473 01bc 45       		.byte	69
 474 01bd 92       		.byte	-110
 475 01be 48       		.byte	72
 476 01bf 60       		.byte	96
 477 01c0 49       		.byte	73
 478 01c1 01       		.byte	1
 479 01c2 4D       		.byte	77
 480 01c3 01       		.byte	1
 481 01c4 4E       		.byte	78
 482 01c5 02       		.byte	2
 483 01c6 4F       		.byte	79
 484 01c7 18       		.byte	24
 485 01c8 5E       		.byte	94
 486 01c9 02       		.byte	2
 487 01ca 65       		.byte	101
 488 01cb 80       		.byte	-128
 489 01cc 66       		.byte	102
 490 01cd 20       		.byte	32
 491 01ce 89       		.byte	-119
 492 01cf 80       		.byte	-128
 493 01d0 8B       		.byte	-117
 494 01d1 08       		.byte	8
 495 01d2 91       		.byte	-111
 496 01d3 44       		.byte	68
 497 01d4 93       		.byte	-109
 498 01d5 08       		.byte	8
 499 01d6 95       		.byte	-107
 500 01d7 80       		.byte	-128
 501 01d8 96       		.byte	-106
 502 01d9 04       		.byte	4
 503 01da 9B       		.byte	-101
 504 01db 16       		.byte	22
 505 01dc 9D       		.byte	-99
 506 01dd 60       		.byte	96
 507 01de 9F       		.byte	-97
 508 01df 40       		.byte	64
 509 01e0 A0       		.byte	-96
 510 01e1 90       		.byte	-112
 511 01e2 A1       		.byte	-95
 512 01e3 10       		.byte	16
 513 01e4 A2       		.byte	-94
ARM GAS  C:\Users\umber\AppData\Local\Temp\cca8BSyI.s 			page 10


 514 01e5 03       		.byte	3
 515 01e6 A5       		.byte	-91
 516 01e7 02       		.byte	2
 517 01e8 A6       		.byte	-90
 518 01e9 10       		.byte	16
 519 01ea A7       		.byte	-89
 520 01eb 20       		.byte	32
 521 01ec A9       		.byte	-87
 522 01ed 21       		.byte	33
 523 01ee B0       		.byte	-80
 524 01ef 20       		.byte	32
 525 01f0 B3       		.byte	-77
 526 01f1 04       		.byte	4
 527 01f2 C0       		.byte	-64
 528 01f3 4B       		.byte	75
 529 01f4 C2       		.byte	-62
 530 01f5 68       		.byte	104
 531 01f6 C4       		.byte	-60
 532 01f7 EE       		.byte	-18
 533 01f8 CA       		.byte	-54
 534 01f9 E1       		.byte	-31
 535 01fa CC       		.byte	-52
 536 01fb FE       		.byte	-2
 537 01fc CE       		.byte	-50
 538 01fd EA       		.byte	-22
 539 01fe D0       		.byte	-48
 540 01ff B1       		.byte	-79
 541 0200 D2       		.byte	-46
 542 0201 30       		.byte	48
 543 0202 D6       		.byte	-42
 544 0203 80       		.byte	-128
 545 0204 D8       		.byte	-40
 546 0205 30       		.byte	48
 547 0206 08       		.byte	8
 548 0207 04       		.byte	4
 549 0208 18       		.byte	24
 550 0209 01       		.byte	1
 551 020a 26       		.byte	38
 552 020b 02       		.byte	2
 553 020c 32       		.byte	50
 554 020d 01       		.byte	1
 555 020e 34       		.byte	52
 556 020f 04       		.byte	4
 557 0210 36       		.byte	54
 558 0211 02       		.byte	2
 559 0212 3E       		.byte	62
 560 0213 14       		.byte	20
 561 0214 40       		.byte	64
 562 0215 52       		.byte	82
 563 0216 41       		.byte	65
 564 0217 01       		.byte	1
 565 0218 45       		.byte	69
 566 0219 0C       		.byte	12
 567 021a 46       		.byte	70
 568 021b EB       		.byte	-21
 569 021c 48       		.byte	72
 570 021d 0D       		.byte	13
ARM GAS  C:\Users\umber\AppData\Local\Temp\cca8BSyI.s 			page 11


 571 021e 49       		.byte	73
 572 021f FF       		.byte	-1
 573 0220 4A       		.byte	74
 574 0221 FF       		.byte	-1
 575 0222 4B       		.byte	75
 576 0223 FF       		.byte	-1
 577 0224 4E       		.byte	78
 578 0225 F0       		.byte	-16
 579 0226 4F       		.byte	79
 580 0227 44       		.byte	68
 581 0228 50       		.byte	80
 582 0229 0C       		.byte	12
 583 022a 54       		.byte	84
 584 022b 01       		.byte	1
 585 022c 58       		.byte	88
 586 022d 04       		.byte	4
 587 022e 5A       		.byte	90
 588 022f 04       		.byte	4
 589 0230 5B       		.byte	91
 590 0231 04       		.byte	4
 591 0232 5D       		.byte	93
 592 0233 11       		.byte	17
 593 0234 5F       		.byte	95
 594 0235 01       		.byte	1
 595 0236 66       		.byte	102
 596 0237 C0       		.byte	-64
 597 0238 6A       		.byte	106
 598 0239 40       		.byte	64
 599 023a 6B       		.byte	107
 600 023b 02       		.byte	2
 601 023c 81       		.byte	-127
 602 023d 10       		.byte	16
 603 023e 84       		.byte	-124
 604 023f 7F       		.byte	127
 605 0240 85       		.byte	-123
 606 0241 60       		.byte	96
 607 0242 88       		.byte	-120
 608 0243 5C       		.byte	92
 609 0244 89       		.byte	-119
 610 0245 18       		.byte	24
 611 0246 8A       		.byte	-118
 612 0247 23       		.byte	35
 613 0248 8C       		.byte	-116
 614 0249 73       		.byte	115
 615 024a 8D       		.byte	-115
 616 024b 1C       		.byte	28
 617 024c 8E       		.byte	-114
 618 024d 0C       		.byte	12
 619 024e 8F       		.byte	-113
 620 024f E1       		.byte	-31
 621 0250 90       		.byte	-112
 622 0251 1F       		.byte	31
 623 0252 92       		.byte	-110
 624 0253 60       		.byte	96
 625 0254 93       		.byte	-109
 626 0255 63       		.byte	99
 627 0256 94       		.byte	-108
ARM GAS  C:\Users\umber\AppData\Local\Temp\cca8BSyI.s 			page 12


 628 0257 02       		.byte	2
 629 0258 95       		.byte	-107
 630 0259 08       		.byte	8
 631 025a 98       		.byte	-104
 632 025b 03       		.byte	3
 633 025c 99       		.byte	-103
 634 025d 40       		.byte	64
 635 025e 9C       		.byte	-100
 636 025f 01       		.byte	1
 637 0260 9D       		.byte	-99
 638 0261 E7       		.byte	-25
 639 0262 9F       		.byte	-97
 640 0263 18       		.byte	24
 641 0264 A0       		.byte	-96
 642 0265 08       		.byte	8
 643 0266 A1       		.byte	-95
 644 0267 24       		.byte	36
 645 0268 A4       		.byte	-92
 646 0269 04       		.byte	4
 647 026a A5       		.byte	-91
 648 026b 1C       		.byte	28
 649 026c A7       		.byte	-89
 650 026d E2       		.byte	-30
 651 026e A8       		.byte	-88
 652 026f 0C       		.byte	12
 653 0270 A9       		.byte	-87
 654 0271 FF       		.byte	-1
 655 0272 AE       		.byte	-82
 656 0273 63       		.byte	99
 657 0274 AF       		.byte	-81
 658 0275 04       		.byte	4
 659 0276 B0       		.byte	-80
 660 0277 2C       		.byte	44
 661 0278 B1       		.byte	-79
 662 0279 60       		.byte	96
 663 027a B2       		.byte	-78
 664 027b 4C       		.byte	76
 665 027c B3       		.byte	-77
 666 027d 1F       		.byte	31
 667 027e B4       		.byte	-76
 668 027f 0F       		.byte	15
 669 0280 B6       		.byte	-74
 670 0281 10       		.byte	16
 671 0282 B7       		.byte	-73
 672 0283 80       		.byte	-128
 673 0284 B9       		.byte	-71
 674 0285 80       		.byte	-128
 675 0286 BA       		.byte	-70
 676 0287 22       		.byte	34
 677 0288 BB       		.byte	-69
 678 0289 28       		.byte	40
 679 028a BE       		.byte	-66
 680 028b 40       		.byte	64
 681 028c D6       		.byte	-42
 682 028d 02       		.byte	2
 683 028e D7       		.byte	-41
 684 028f 13       		.byte	19
ARM GAS  C:\Users\umber\AppData\Local\Temp\cca8BSyI.s 			page 13


 685 0290 D8       		.byte	-40
 686 0291 04       		.byte	4
 687 0292 D9       		.byte	-39
 688 0293 04       		.byte	4
 689 0294 DB       		.byte	-37
 690 0295 04       		.byte	4
 691 0296 DF       		.byte	-33
 692 0297 01       		.byte	1
 693 0298 00       		.byte	0
 694 0299 40       		.byte	64
 695 029a 01       		.byte	1
 696 029b 20       		.byte	32
 697 029c 02       		.byte	2
 698 029d 02       		.byte	2
 699 029e 04       		.byte	4
 700 029f 64       		.byte	100
 701 02a0 06       		.byte	6
 702 02a1 08       		.byte	8
 703 02a2 09       		.byte	9
 704 02a3 20       		.byte	32
 705 02a4 0C       		.byte	12
 706 02a5 40       		.byte	64
 707 02a6 0D       		.byte	13
 708 02a7 80       		.byte	-128
 709 02a8 0E       		.byte	14
 710 02a9 64       		.byte	100
 711 02aa 11       		.byte	17
 712 02ab 34       		.byte	52
 713 02ac 14       		.byte	20
 714 02ad 01       		.byte	1
 715 02ae 17       		.byte	23
 716 02af 29       		.byte	41
 717 02b0 19       		.byte	25
 718 02b1 84       		.byte	-124
 719 02b2 1A       		.byte	26
 720 02b3 08       		.byte	8
 721 02b4 1C       		.byte	28
 722 02b5 20       		.byte	32
 723 02b6 1D       		.byte	29
 724 02b7 10       		.byte	16
 725 02b8 1E       		.byte	30
 726 02b9 41       		.byte	65
 727 02ba 24       		.byte	36
 728 02bb 24       		.byte	36
 729 02bc 25       		.byte	37
 730 02bd 10       		.byte	16
 731 02be 26       		.byte	38
 732 02bf 01       		.byte	1
 733 02c0 27       		.byte	39
 734 02c1 02       		.byte	2
 735 02c2 2C       		.byte	44
 736 02c3 40       		.byte	64
 737 02c4 2D       		.byte	45
 738 02c5 90       		.byte	-112
 739 02c6 2E       		.byte	46
 740 02c7 08       		.byte	8
 741 02c8 30       		.byte	48
ARM GAS  C:\Users\umber\AppData\Local\Temp\cca8BSyI.s 			page 14


 742 02c9 01       		.byte	1
 743 02ca 31       		.byte	49
 744 02cb 02       		.byte	2
 745 02cc 34       		.byte	52
 746 02cd 01       		.byte	1
 747 02ce 36       		.byte	54
 748 02cf 90       		.byte	-112
 749 02d0 37       		.byte	55
 750 02d1 08       		.byte	8
 751 02d2 3E       		.byte	62
 752 02d3 66       		.byte	102
 753 02d4 41       		.byte	65
 754 02d5 40       		.byte	64
 755 02d6 43       		.byte	67
 756 02d7 20       		.byte	32
 757 02d8 49       		.byte	73
 758 02d9 40       		.byte	64
 759 02da 4B       		.byte	75
 760 02db 08       		.byte	8
 761 02dc 50       		.byte	80
 762 02dd 80       		.byte	-128
 763 02de 51       		.byte	81
 764 02df 20       		.byte	32
 765 02e0 58       		.byte	88
 766 02e1 20       		.byte	32
 767 02e2 59       		.byte	89
 768 02e3 05       		.byte	5
 769 02e4 5B       		.byte	91
 770 02e5 40       		.byte	64
 771 02e6 5E       		.byte	94
 772 02e7 01       		.byte	1
 773 02e8 6D       		.byte	109
 774 02e9 40       		.byte	64
 775 02ea 6F       		.byte	111
 776 02eb 14       		.byte	20
 777 02ec 76       		.byte	118
 778 02ed 22       		.byte	34
 779 02ee 77       		.byte	119
 780 02ef 29       		.byte	41
 781 02f0 8A       		.byte	-118
 782 02f1 04       		.byte	4
 783 02f2 8C       		.byte	-116
 784 02f3 40       		.byte	64
 785 02f4 8D       		.byte	-115
 786 02f5 10       		.byte	16
 787 02f6 8E       		.byte	-114
 788 02f7 80       		.byte	-128
 789 02f8 91       		.byte	-111
 790 02f9 04       		.byte	4
 791 02fa A1       		.byte	-95
 792 02fb 80       		.byte	-128
 793 02fc AF       		.byte	-81
 794 02fd 40       		.byte	64
 795 02fe B1       		.byte	-79
 796 02ff 84       		.byte	-124
 797 0300 C0       		.byte	-64
 798 0301 E2       		.byte	-30
ARM GAS  C:\Users\umber\AppData\Local\Temp\cca8BSyI.s 			page 15


 799 0302 C2       		.byte	-62
 800 0303 F2       		.byte	-14
 801 0304 C4       		.byte	-60
 802 0305 F4       		.byte	-12
 803 0306 CA       		.byte	-54
 804 0307 F0       		.byte	-16
 805 0308 CC       		.byte	-52
 806 0309 F0       		.byte	-16
 807 030a CE       		.byte	-50
 808 030b F0       		.byte	-16
 809 030c D0       		.byte	-48
 810 030d 0C       		.byte	12
 811 030e D2       		.byte	-46
 812 030f 08       		.byte	8
 813 0310 D6       		.byte	-42
 814 0311 8F       		.byte	-113
 815 0312 38       		.byte	56
 816 0313 80       		.byte	-128
 817 0314 3E       		.byte	62
 818 0315 40       		.byte	64
 819 0316 58       		.byte	88
 820 0317 04       		.byte	4
 821 0318 5F       		.byte	95
 822 0319 01       		.byte	1
 823 031a 1F       		.byte	31
 824 031b 40       		.byte	64
 825 031c E0       		.byte	-32
 826 031d 08       		.byte	8
 827 031e E6       		.byte	-26
 828 031f 02       		.byte	2
 829 0320 E8       		.byte	-24
 830 0321 20       		.byte	32
 831 0322 EA       		.byte	-22
 832 0323 05       		.byte	5
 833 0324 E2       		.byte	-30
 834 0325 04       		.byte	4
 835 0326 02       		.byte	2
 836 0327 03       		.byte	3
 837 0328 03       		.byte	3
 838 0329 02       		.byte	2
 839 032a 04       		.byte	4
 840 032b 7F       		.byte	127
 841 032c 08       		.byte	8
 842 032d 08       		.byte	8
 843 032e 0C       		.byte	12
 844 032f 10       		.byte	16
 845 0330 10       		.byte	16
 846 0331 3C       		.byte	60
 847 0332 12       		.byte	18
 848 0333 42       		.byte	66
 849 0334 14       		.byte	20
 850 0335 3C       		.byte	60
 851 0336 16       		.byte	22
 852 0337 41       		.byte	65
 853 0338 18       		.byte	24
 854 0339 67       		.byte	103
 855 033a 1A       		.byte	26
ARM GAS  C:\Users\umber\AppData\Local\Temp\cca8BSyI.s 			page 16


 856 033b 18       		.byte	24
 857 033c 22       		.byte	34
 858 033d 04       		.byte	4
 859 033e 23       		.byte	35
 860 033f 01       		.byte	1
 861 0340 24       		.byte	36
 862 0341 04       		.byte	4
 863 0342 27       		.byte	39
 864 0343 01       		.byte	1
 865 0344 28       		.byte	40
 866 0345 18       		.byte	24
 867 0346 30       		.byte	48
 868 0347 1F       		.byte	31
 869 0348 32       		.byte	50
 870 0349 20       		.byte	32
 871 034a 35       		.byte	53
 872 034b 01       		.byte	1
 873 034c 36       		.byte	54
 874 034d 40       		.byte	64
 875 034e 37       		.byte	55
 876 034f 02       		.byte	2
 877 0350 38       		.byte	56
 878 0351 80       		.byte	-128
 879 0352 3A       		.byte	58
 880 0353 22       		.byte	34
 881 0354 3E       		.byte	62
 882 0355 04       		.byte	4
 883 0356 3F       		.byte	63
 884 0357 10       		.byte	16
 885 0358 56       		.byte	86
 886 0359 02       		.byte	2
 887 035a 57       		.byte	87
 888 035b 11       		.byte	17
 889 035c 58       		.byte	88
 890 035d 04       		.byte	4
 891 035e 59       		.byte	89
 892 035f 04       		.byte	4
 893 0360 5B       		.byte	91
 894 0361 04       		.byte	4
 895 0362 5C       		.byte	92
 896 0363 11       		.byte	17
 897 0364 5D       		.byte	93
 898 0365 10       		.byte	16
 899 0366 5F       		.byte	95
 900 0367 01       		.byte	1
 901 0368 84       		.byte	-124
 902 0369 09       		.byte	9
 903 036a 85       		.byte	-123
 904 036b 53       		.byte	83
 905 036c 86       		.byte	-122
 906 036d 10       		.byte	16
 907 036e 87       		.byte	-121
 908 036f 0C       		.byte	12
 909 0370 89       		.byte	-119
 910 0371 20       		.byte	32
 911 0372 8A       		.byte	-118
 912 0373 03       		.byte	3
ARM GAS  C:\Users\umber\AppData\Local\Temp\cca8BSyI.s 			page 17


 913 0374 8B       		.byte	-117
 914 0375 45       		.byte	69
 915 0376 8C       		.byte	-116
 916 0377 1C       		.byte	28
 917 0378 8D       		.byte	-115
 918 0379 0A       		.byte	10
 919 037a 8E       		.byte	-114
 920 037b 02       		.byte	2
 921 037c 8F       		.byte	-113
 922 037d 54       		.byte	84
 923 037e 94       		.byte	-108
 924 037f 0C       		.byte	12
 925 0380 95       		.byte	-107
 926 0381 53       		.byte	83
 927 0382 96       		.byte	-106
 928 0383 11       		.byte	17
 929 0384 97       		.byte	-105
 930 0385 04       		.byte	4
 931 0386 98       		.byte	-104
 932 0387 20       		.byte	32
 933 0388 99       		.byte	-103
 934 0389 03       		.byte	3
 935 038a 9B       		.byte	-101
 936 038b 44       		.byte	68
 937 038c 9C       		.byte	-100
 938 038d 10       		.byte	16
 939 038e A0       		.byte	-96
 940 038f 14       		.byte	20
 941 0390 A7       		.byte	-89
 942 0391 08       		.byte	8
 943 0392 A8       		.byte	-88
 944 0393 10       		.byte	16
 945 0394 AA       		.byte	-86
 946 0395 0C       		.byte	12
 947 0396 B1       		.byte	-79
 948 0397 40       		.byte	64
 949 0398 B2       		.byte	-78
 950 0399 20       		.byte	32
 951 039a B3       		.byte	-77
 952 039b 0F       		.byte	15
 953 039c B4       		.byte	-76
 954 039d 1F       		.byte	31
 955 039e B5       		.byte	-75
 956 039f 30       		.byte	48
 957 03a0 B9       		.byte	-71
 958 03a1 20       		.byte	32
 959 03a2 BB       		.byte	-69
 960 03a3 08       		.byte	8
 961 03a4 BE       		.byte	-66
 962 03a5 04       		.byte	4
 963 03a6 BF       		.byte	-65
 964 03a7 01       		.byte	1
 965 03a8 C0       		.byte	-64
 966 03a9 32       		.byte	50
 967 03aa C1       		.byte	-63
 968 03ab 06       		.byte	6
 969 03ac C5       		.byte	-59
ARM GAS  C:\Users\umber\AppData\Local\Temp\cca8BSyI.s 			page 18


 970 03ad EC       		.byte	-20
 971 03ae C6       		.byte	-58
 972 03af 0B       		.byte	11
 973 03b0 C7       		.byte	-57
 974 03b1 0E       		.byte	14
 975 03b2 C8       		.byte	-56
 976 03b3 17       		.byte	23
 977 03b4 C9       		.byte	-55
 978 03b5 FF       		.byte	-1
 979 03b6 CA       		.byte	-54
 980 03b7 FF       		.byte	-1
 981 03b8 CB       		.byte	-53
 982 03b9 FF       		.byte	-1
 983 03ba CE       		.byte	-50
 984 03bb F0       		.byte	-16
 985 03bc CF       		.byte	-49
 986 03bd 44       		.byte	68
 987 03be D0       		.byte	-48
 988 03bf 0C       		.byte	12
 989 03c0 D4       		.byte	-44
 990 03c1 01       		.byte	1
 991 03c2 D8       		.byte	-40
 992 03c3 04       		.byte	4
 993 03c4 D9       		.byte	-39
 994 03c5 04       		.byte	4
 995 03c6 DA       		.byte	-38
 996 03c7 04       		.byte	4
 997 03c8 DB       		.byte	-37
 998 03c9 04       		.byte	4
 999 03ca DF       		.byte	-33
 1000 03cb 01       		.byte	1
 1001 03cc E6       		.byte	-26
 1002 03cd C0       		.byte	-64
 1003 03ce EA       		.byte	-22
 1004 03cf 40       		.byte	64
 1005 03d0 EB       		.byte	-21
 1006 03d1 02       		.byte	2
 1007 03d2 00       		.byte	0
 1008 03d3 40       		.byte	64
 1009 03d4 01       		.byte	1
 1010 03d5 28       		.byte	40
 1011 03d6 02       		.byte	2
 1012 03d7 20       		.byte	32
 1013 03d8 04       		.byte	4
 1014 03d9 04       		.byte	4
 1015 03da 05       		.byte	5
 1016 03db 10       		.byte	16
 1017 03dc 06       		.byte	6
 1018 03dd 11       		.byte	17
 1019 03de 07       		.byte	7
 1020 03df 40       		.byte	64
 1021 03e0 09       		.byte	9
 1022 03e1 08       		.byte	8
 1023 03e2 0B       		.byte	11
 1024 03e3 09       		.byte	9
 1025 03e4 0D       		.byte	13
 1026 03e5 01       		.byte	1
ARM GAS  C:\Users\umber\AppData\Local\Temp\cca8BSyI.s 			page 19


 1027 03e6 0E       		.byte	14
 1028 03e7 68       		.byte	104
 1029 03e8 10       		.byte	16
 1030 03e9 80       		.byte	-128
 1031 03ea 12       		.byte	18
 1032 03eb 08       		.byte	8
 1033 03ec 14       		.byte	20
 1034 03ed 20       		.byte	32
 1035 03ee 17       		.byte	23
 1036 03ef 22       		.byte	34
 1037 03f0 19       		.byte	25
 1038 03f1 24       		.byte	36
 1039 03f2 1C       		.byte	28
 1040 03f3 14       		.byte	20
 1041 03f4 1E       		.byte	30
 1042 03f5 40       		.byte	64
 1043 03f6 1F       		.byte	31
 1044 03f7 80       		.byte	-128
 1045 03f8 21       		.byte	33
 1046 03f9 04       		.byte	4
 1047 03fa 22       		.byte	34
 1048 03fb 28       		.byte	40
 1049 03fc 23       		.byte	35
 1050 03fd 80       		.byte	-128
 1051 03fe 25       		.byte	37
 1052 03ff 10       		.byte	16
 1053 0400 27       		.byte	39
 1054 0401 02       		.byte	2
 1055 0402 29       		.byte	41
 1056 0403 08       		.byte	8
 1057 0404 2F       		.byte	47
 1058 0405 A0       		.byte	-96
 1059 0406 30       		.byte	48
 1060 0407 38       		.byte	56
 1061 0408 31       		.byte	49
 1062 0409 08       		.byte	8
 1063 040a 38       		.byte	56
 1064 040b 60       		.byte	96
 1065 040c 39       		.byte	57
 1066 040d 28       		.byte	40
 1067 040e 3C       		.byte	60
 1068 040f 02       		.byte	2
 1069 0410 41       		.byte	65
 1070 0411 14       		.byte	20
 1071 0412 44       		.byte	68
 1072 0413 08       		.byte	8
 1073 0414 45       		.byte	69
 1074 0415 10       		.byte	16
 1075 0416 48       		.byte	72
 1076 0417 28       		.byte	40
 1077 0418 49       		.byte	73
 1078 0419 01       		.byte	1
 1079 041a 50       		.byte	80
 1080 041b 80       		.byte	-128
 1081 041c 53       		.byte	83
 1082 041d 04       		.byte	4
 1083 041e 58       		.byte	88
ARM GAS  C:\Users\umber\AppData\Local\Temp\cca8BSyI.s 			page 20


 1084 041f 10       		.byte	16
 1085 0420 59       		.byte	89
 1086 0421 05       		.byte	5
 1087 0422 5B       		.byte	91
 1088 0423 80       		.byte	-128
 1089 0424 5C       		.byte	92
 1090 0425 10       		.byte	16
 1091 0426 6E       		.byte	110
 1092 0427 14       		.byte	20
 1093 0428 6F       		.byte	111
 1094 0429 01       		.byte	1
 1095 042a 75       		.byte	117
 1096 042b 10       		.byte	16
 1097 042c 76       		.byte	118
 1098 042d 01       		.byte	1
 1099 042e 77       		.byte	119
 1100 042f 20       		.byte	32
 1101 0430 9D       		.byte	-99
 1102 0431 20       		.byte	32
 1103 0432 A9       		.byte	-87
 1104 0433 04       		.byte	4
 1105 0434 AA       		.byte	-86
 1106 0435 20       		.byte	32
 1107 0436 AE       		.byte	-82
 1108 0437 01       		.byte	1
 1109 0438 C0       		.byte	-64
 1110 0439 F7       		.byte	-9
 1111 043a C2       		.byte	-62
 1112 043b 77       		.byte	119
 1113 043c C4       		.byte	-60
 1114 043d 7A       		.byte	122
 1115 043e CA       		.byte	-54
 1116 043f C2       		.byte	-62
 1117 0440 CC       		.byte	-52
 1118 0441 06       		.byte	6
 1119 0442 CE       		.byte	-50
 1120 0443 8E       		.byte	-114
 1121 0444 D0       		.byte	-48
 1122 0445 06       		.byte	6
 1123 0446 D2       		.byte	-46
 1124 0447 04       		.byte	4
 1125 0448 D6       		.byte	-42
 1126 0449 2F       		.byte	47
 1127 044a E2       		.byte	-30
 1128 044b 04       		.byte	4
 1129 044c E8       		.byte	-24
 1130 044d 08       		.byte	8
 1131 044e 05       		.byte	5
 1132 044f 61       		.byte	97
 1133 0450 07       		.byte	7
 1134 0451 16       		.byte	22
 1135 0452 0B       		.byte	11
 1136 0453 23       		.byte	35
 1137 0454 0D       		.byte	13
 1138 0455 5C       		.byte	92
 1139 0456 0F       		.byte	15
 1140 0457 03       		.byte	3
ARM GAS  C:\Users\umber\AppData\Local\Temp\cca8BSyI.s 			page 21


 1141 0458 12       		.byte	18
 1142 0459 01       		.byte	1
 1143 045a 15       		.byte	21
 1144 045b 61       		.byte	97
 1145 045c 17       		.byte	23
 1146 045d 0E       		.byte	14
 1147 045e 1B       		.byte	27
 1148 045f 1C       		.byte	28
 1149 0460 22       		.byte	34
 1150 0461 01       		.byte	1
 1151 0462 23       		.byte	35
 1152 0463 08       		.byte	8
 1153 0464 31       		.byte	49
 1154 0465 0F       		.byte	15
 1155 0466 33       		.byte	51
 1156 0467 1A       		.byte	26
 1157 0468 35       		.byte	53
 1158 0469 60       		.byte	96
 1159 046a 36       		.byte	54
 1160 046b 01       		.byte	1
 1161 046c 39       		.byte	57
 1162 046d 20       		.byte	32
 1163 046e 3B       		.byte	59
 1164 046f 0A       		.byte	10
 1165 0470 3E       		.byte	62
 1166 0471 40       		.byte	64
 1167 0472 3F       		.byte	63
 1168 0473 10       		.byte	16
 1169 0474 40       		.byte	64
 1170 0475 02       		.byte	2
 1171 0476 45       		.byte	69
 1172 0477 40       		.byte	64
 1173 0478 49       		.byte	73
 1174 0479 FF       		.byte	-1
 1175 047a 4A       		.byte	74
 1176 047b 07       		.byte	7
 1177 047c 4B       		.byte	75
 1178 047d FF       		.byte	-1
 1179 047e 4C       		.byte	76
 1180 047f 40       		.byte	64
 1181 0480 4D       		.byte	77
 1182 0481 20       		.byte	32
 1183 0482 4E       		.byte	78
 1184 0483 F0       		.byte	-16
 1185 0484 4F       		.byte	79
 1186 0485 05       		.byte	5
 1187 0486 50       		.byte	80
 1188 0487 08       		.byte	8
 1189 0488 58       		.byte	88
 1190 0489 04       		.byte	4
 1191 048a 59       		.byte	89
 1192 048b 04       		.byte	4
 1193 048c 5A       		.byte	90
 1194 048d 04       		.byte	4
 1195 048e 5F       		.byte	95
 1196 048f 01       		.byte	1
 1197 0490 60       		.byte	96
ARM GAS  C:\Users\umber\AppData\Local\Temp\cca8BSyI.s 			page 22


 1198 0491 40       		.byte	64
 1199 0492 61       		.byte	97
 1200 0493 A8       		.byte	-88
 1201 0494 62       		.byte	98
 1202 0495 40       		.byte	64
 1203 0496 63       		.byte	99
 1204 0497 20       		.byte	32
 1205 0498 04       		.byte	4
 1206 0499 80       		.byte	-128
 1207 049a 05       		.byte	5
 1208 049b 10       		.byte	16
 1209 049c 06       		.byte	6
 1210 049d 80       		.byte	-128
 1211 049e 07       		.byte	7
 1212 049f 20       		.byte	32
 1213 04a0 0A       		.byte	10
 1214 04a1 40       		.byte	64
 1215 04a2 0E       		.byte	14
 1216 04a3 28       		.byte	40
 1217 04a4 0F       		.byte	15
 1218 04a5 02       		.byte	2
 1219 04a6 10       		.byte	16
 1220 04a7 80       		.byte	-128
 1221 04a8 14       		.byte	20
 1222 04a9 04       		.byte	4
 1223 04aa 15       		.byte	21
 1224 04ab 02       		.byte	2
 1225 04ac 16       		.byte	22
 1226 04ad 11       		.byte	17
 1227 04ae 19       		.byte	25
 1228 04af 40       		.byte	64
 1229 04b0 1D       		.byte	29
 1230 04b1 02       		.byte	2
 1231 04b2 1E       		.byte	30
 1232 04b3 69       		.byte	105
 1233 04b4 20       		.byte	32
 1234 04b5 44       		.byte	68
 1235 04b6 21       		.byte	33
 1236 04b7 08       		.byte	8
 1237 04b8 24       		.byte	36
 1238 04b9 80       		.byte	-128
 1239 04ba 25       		.byte	37
 1240 04bb 40       		.byte	64
 1241 04bc 26       		.byte	38
 1242 04bd 02       		.byte	2
 1243 04be 27       		.byte	39
 1244 04bf 58       		.byte	88
 1245 04c0 29       		.byte	41
 1246 04c1 01       		.byte	1
 1247 04c2 31       		.byte	49
 1248 04c3 08       		.byte	8
 1249 04c4 32       		.byte	50
 1250 04c5 20       		.byte	32
 1251 04c6 34       		.byte	52
 1252 04c7 04       		.byte	4
 1253 04c8 37       		.byte	55
 1254 04c9 09       		.byte	9
ARM GAS  C:\Users\umber\AppData\Local\Temp\cca8BSyI.s 			page 23


 1255 04ca 38       		.byte	56
 1256 04cb 60       		.byte	96
 1257 04cc 39       		.byte	57
 1258 04cd 08       		.byte	8
 1259 04ce 3C       		.byte	60
 1260 04cf 02       		.byte	2
 1261 04d0 3D       		.byte	61
 1262 04d1 80       		.byte	-128
 1263 04d2 3E       		.byte	62
 1264 04d3 94       		.byte	-108
 1265 04d4 3F       		.byte	63
 1266 04d5 02       		.byte	2
 1267 04d6 40       		.byte	64
 1268 04d7 04       		.byte	4
 1269 04d8 45       		.byte	69
 1270 04d9 02       		.byte	2
 1271 04da 46       		.byte	70
 1272 04db 10       		.byte	16
 1273 04dc 47       		.byte	71
 1274 04dd 10       		.byte	16
 1275 04de 49       		.byte	73
 1276 04df 01       		.byte	1
 1277 04e0 4A       		.byte	74
 1278 04e1 0C       		.byte	12
 1279 04e2 4B       		.byte	75
 1280 04e3 01       		.byte	1
 1281 04e4 4C       		.byte	76
 1282 04e5 80       		.byte	-128
 1283 04e6 4E       		.byte	78
 1284 04e7 0A       		.byte	10
 1285 04e8 50       		.byte	80
 1286 04e9 10       		.byte	16
 1287 04ea 57       		.byte	87
 1288 04eb 20       		.byte	32
 1289 04ec 5E       		.byte	94
 1290 04ed 01       		.byte	1
 1291 04ee 64       		.byte	100
 1292 04ef 08       		.byte	8
 1293 04f0 65       		.byte	101
 1294 04f1 40       		.byte	64
 1295 04f2 67       		.byte	103
 1296 04f3 40       		.byte	64
 1297 04f4 87       		.byte	-121
 1298 04f5 40       		.byte	64
 1299 04f6 88       		.byte	-120
 1300 04f7 21       		.byte	33
 1301 04f8 91       		.byte	-111
 1302 04f9 0A       		.byte	10
 1303 04fa 92       		.byte	-110
 1304 04fb 14       		.byte	20
 1305 04fc 94       		.byte	-108
 1306 04fd 60       		.byte	96
 1307 04fe 97       		.byte	-105
 1308 04ff 01       		.byte	1
 1309 0500 98       		.byte	-104
 1310 0501 08       		.byte	8
 1311 0502 99       		.byte	-103
ARM GAS  C:\Users\umber\AppData\Local\Temp\cca8BSyI.s 			page 24


 1312 0503 10       		.byte	16
 1313 0504 9A       		.byte	-102
 1314 0505 11       		.byte	17
 1315 0506 9B       		.byte	-101
 1316 0507 21       		.byte	33
 1317 0508 9C       		.byte	-100
 1318 0509 20       		.byte	32
 1319 050a 9F       		.byte	-97
 1320 050b 40       		.byte	64
 1321 050c A2       		.byte	-94
 1322 050d 20       		.byte	32
 1323 050e A4       		.byte	-92
 1324 050f 01       		.byte	1
 1325 0510 A5       		.byte	-91
 1326 0511 08       		.byte	8
 1327 0512 A6       		.byte	-90
 1328 0513 14       		.byte	20
 1329 0514 A7       		.byte	-89
 1330 0515 20       		.byte	32
 1331 0516 C0       		.byte	-64
 1332 0517 F0       		.byte	-16
 1333 0518 C2       		.byte	-62
 1334 0519 E8       		.byte	-24
 1335 051a C4       		.byte	-60
 1336 051b F8       		.byte	-8
 1337 051c CA       		.byte	-54
 1338 051d 01       		.byte	1
 1339 051e CC       		.byte	-52
 1340 051f C6       		.byte	-58
 1341 0520 CE       		.byte	-50
 1342 0521 FE       		.byte	-2
 1343 0522 D0       		.byte	-48
 1344 0523 E4       		.byte	-28
 1345 0524 D2       		.byte	-46
 1346 0525 30       		.byte	48
 1347 0526 D6       		.byte	-42
 1348 0527 80       		.byte	-128
 1349 0528 D8       		.byte	-40
 1350 0529 B0       		.byte	-80
 1351 052a E0       		.byte	-32
 1352 052b 08       		.byte	8
 1353 052c E8       		.byte	-24
 1354 052d 20       		.byte	32
 1355 052e EA       		.byte	-22
 1356 052f 05       		.byte	5
 1357 0530 30       		.byte	48
 1358 0531 10       		.byte	16
 1359 0532 CC       		.byte	-52
 1360 0533 10       		.byte	16
 1361 0534 9C       		.byte	-100
 1362 0535 10       		.byte	16
 1363 0536 3E       		.byte	62
 1364 0537 10       		.byte	16
 1365 0538 5B       		.byte	91
 1366 0539 08       		.byte	8
 1367 053a 5F       		.byte	95
 1368 053b 08       		.byte	8
ARM GAS  C:\Users\umber\AppData\Local\Temp\cca8BSyI.s 			page 25


 1369 053c 9B       		.byte	-101
 1370 053d 08       		.byte	8
 1371 053e 9C       		.byte	-100
 1372 053f 10       		.byte	16
 1373 0540 AF       		.byte	-81
 1374 0541 08       		.byte	8
 1375 0542 CE       		.byte	-50
 1376 0543 20       		.byte	32
 1377 0544 D6       		.byte	-42
 1378 0545 C0       		.byte	-64
 1379 0546 EA       		.byte	-22
 1380 0547 10       		.byte	16
 1381 0548 96       		.byte	-106
 1382 0549 10       		.byte	16
 1383 054a 9C       		.byte	-100
 1384 054b 10       		.byte	16
 1385 054c 05       		.byte	5
 1386 054d 20       		.byte	32
 1387 054e 67       		.byte	103
 1388 054f 08       		.byte	8
 1389 0550 C0       		.byte	-64
 1390 0551 01       		.byte	1
 1391 0552 D8       		.byte	-40
 1392 0553 01       		.byte	1
 1393 0554 8B       		.byte	-117
 1394 0555 04       		.byte	4
 1395 0556 97       		.byte	-105
 1396 0557 08       		.byte	8
 1397 0558 B1       		.byte	-79
 1398 0559 20       		.byte	32
 1399 055a E0       		.byte	-32
 1400 055b 01       		.byte	1
 1401 055c EA       		.byte	-22
 1402 055d 04       		.byte	4
 1403 055e 82       		.byte	-126
 1404 055f 20       		.byte	32
 1405 0560 96       		.byte	-106
 1406 0561 10       		.byte	16
 1407 0562 9C       		.byte	-100
 1408 0563 10       		.byte	16
 1409 0564 E2       		.byte	-30
 1410 0565 20       		.byte	32
 1411 0566 13       		.byte	19
 1412 0567 02       		.byte	2
 1413 0568 16       		.byte	22
 1414 0569 40       		.byte	64
 1415 056a 72       		.byte	114
 1416 056b 20       		.byte	32
 1417 056c 77       		.byte	119
 1418 056d 10       		.byte	16
 1419 056e 84       		.byte	-124
 1420 056f 10       		.byte	16
 1421 0570 86       		.byte	-122
 1422 0571 40       		.byte	64
 1423 0572 9A       		.byte	-102
 1424 0573 20       		.byte	32
 1425 0574 9B       		.byte	-101
ARM GAS  C:\Users\umber\AppData\Local\Temp\cca8BSyI.s 			page 26


 1426 0575 10       		.byte	16
 1427 0576 9C       		.byte	-100
 1428 0577 10       		.byte	16
 1429 0578 9F       		.byte	-97
 1430 0579 02       		.byte	2
 1431 057a AA       		.byte	-86
 1432 057b 10       		.byte	16
 1433 057c AB       		.byte	-85
 1434 057d 10       		.byte	16
 1435 057e B3       		.byte	-77
 1436 057f 02       		.byte	2
 1437 0580 C4       		.byte	-60
 1438 0581 30       		.byte	48
 1439 0582 DC       		.byte	-36
 1440 0583 80       		.byte	-128
 1441 0584 DE       		.byte	-34
 1442 0585 20       		.byte	32
 1443 0586 E0       		.byte	-32
 1444 0587 10       		.byte	16
 1445 0588 E6       		.byte	-26
 1446 0589 40       		.byte	64
 1447 058a EA       		.byte	-22
 1448 058b A0       		.byte	-96
 1449 058c 10       		.byte	16
 1450 058d 80       		.byte	-128
 1451 058e 13       		.byte	19
 1452 058f 20       		.byte	32
 1453 0590 17       		.byte	23
 1454 0591 08       		.byte	8
 1455 0592 78       		.byte	120
 1456 0593 10       		.byte	16
 1457 0594 7F       		.byte	127
 1458 0595 40       		.byte	64
 1459 0596 80       		.byte	-128
 1460 0597 80       		.byte	-128
 1461 0598 93       		.byte	-109
 1462 0599 10       		.byte	16
 1463 059a AF       		.byte	-81
 1464 059b 10       		.byte	16
 1465 059c C4       		.byte	-60
 1466 059d 0E       		.byte	14
 1467 059e DE       		.byte	-34
 1468 059f 03       		.byte	3
 1469 05a0 10       		.byte	16
 1470 05a1 40       		.byte	64
 1471 05a2 73       		.byte	115
 1472 05a3 10       		.byte	16
 1473 05a4 87       		.byte	-121
 1474 05a5 40       		.byte	64
 1475 05a6 88       		.byte	-120
 1476 05a7 40       		.byte	64
 1477 05a8 93       		.byte	-109
 1478 05a9 10       		.byte	16
 1479 05aa 97       		.byte	-105
 1480 05ab 80       		.byte	-128
 1481 05ac AB       		.byte	-85
 1482 05ad 28       		.byte	40
ARM GAS  C:\Users\umber\AppData\Local\Temp\cca8BSyI.s 			page 27


 1483 05ae B0       		.byte	-80
 1484 05af 10       		.byte	16
 1485 05b0 C4       		.byte	-60
 1486 05b1 08       		.byte	8
 1487 05b2 DC       		.byte	-36
 1488 05b3 01       		.byte	1
 1489 05b4 E2       		.byte	-30
 1490 05b5 01       		.byte	1
 1491 05b6 E8       		.byte	-24
 1492 05b7 04       		.byte	4
 1493 05b8 00       		.byte	0
 1494 05b9 03       		.byte	3
 1495 05ba 0C       		.byte	12
 1496 05bb 03       		.byte	3
 1497 05bc 10       		.byte	16
 1498 05bd 03       		.byte	3
 1499 05be 1C       		.byte	28
 1500 05bf 03       		.byte	3
 1501 05c0 00       		.byte	0
 1502 05c1 03       		.byte	3
 1503 05c2 03       		.byte	3
 1504 05c3 C0       		.byte	-64
 1505 05c4 02       		.byte	2
 1506 05c5 80       		.byte	-128
 1507 05c6 00       		.byte	0
 1508 05c7 00       		.byte	0
 1509 05c8 40       		.byte	64
 1510 05c9 00       		.byte	0
 1511 05ca 00       		.byte	0
 1512 05cb 00       		.byte	0
 1513 05cc 63       		.byte	99
 1514 05cd 09       		.byte	9
 1515 05ce 00       		.byte	0
 1516 05cf 46       		.byte	70
 1517 05d0 0C       		.byte	12
 1518 05d1 9F       		.byte	-97
 1519 05d2 00       		.byte	0
 1520 05d3 00       		.byte	0
 1521 05d4 04       		.byte	4
 1522 05d5 9F       		.byte	-97
 1523 05d6 00       		.byte	0
 1524 05d7 00       		.byte	0
 1525 05d8 00       		.byte	0
 1526 05d9 04       		.byte	4
 1527 05da F3       		.byte	-13
 1528 05db 38       		.byte	56
 1529 05dc 00       		.byte	0
 1530 05dd 80       		.byte	-128
 1531 05de 00       		.byte	0
 1532 05df 00       		.byte	0
 1533 05e0 0F       		.byte	15
 1534 05e1 12       		.byte	18
 1535 05e2 F0       		.byte	-16
 1536 05e3 45       		.byte	69
 1537 05e4 F3       		.byte	-13
 1538 05e5 00       		.byte	0
 1539 05e6 0C       		.byte	12
ARM GAS  C:\Users\umber\AppData\Local\Temp\cca8BSyI.s 			page 28


 1540 05e7 00       		.byte	0
 1541 05e8 21       		.byte	33
 1542 05e9 00       		.byte	0
 1543 05ea 00       		.byte	0
 1544 05eb 00       		.byte	0
 1545 05ec 1C       		.byte	28
 1546 05ed 00       		.byte	0
 1547 05ee E3       		.byte	-29
 1548 05ef 00       		.byte	0
 1549 05f0 FF       		.byte	-1
 1550 05f1 00       		.byte	0
 1551 05f2 00       		.byte	0
 1552 05f3 00       		.byte	0
 1553 05f4 42       		.byte	66
 1554 05f5 00       		.byte	0
 1555 05f6 00       		.byte	0
 1556 05f7 00       		.byte	0
 1557 05f8 08       		.byte	8
 1558 05f9 00       		.byte	0
 1559 05fa 00       		.byte	0
 1560 05fb 00       		.byte	0
 1561 05fc 1C       		.byte	28
 1562 05fd 80       		.byte	-128
 1563 05fe 8C       		.byte	-116
 1564 05ff 60       		.byte	96
 1565 0600 0F       		.byte	15
 1566 0601 03       		.byte	3
 1567 0602 60       		.byte	96
 1568 0603 1C       		.byte	28
 1569 0604 00       		.byte	0
 1570 0605 00       		.byte	0
 1571 0606 28       		.byte	40
 1572 0607 00       		.byte	0
 1573 0608 00       		.byte	0
 1574 0609 00       		.byte	0
 1575 060a 00       		.byte	0
 1576 060b 04       		.byte	4
 1577 060c 65       		.byte	101
 1578 060d 03       		.byte	3
 1579 060e 04       		.byte	4
 1580 060f 00       		.byte	0
 1581 0610 02       		.byte	2
 1582 0611 C0       		.byte	-64
 1583 0612 E0       		.byte	-32
 1584 0613 00       		.byte	0
 1585 0614 0A       		.byte	10
 1586 0615 FF       		.byte	-1
 1587 0616 FF       		.byte	-1
 1588 0617 FF       		.byte	-1
 1589 0618 62       		.byte	98
 1590 0619 A0       		.byte	-96
 1591 061a F0       		.byte	-16
 1592 061b 41       		.byte	65
 1593 061c 0C       		.byte	12
 1594 061d 00       		.byte	0
 1595 061e 00       		.byte	0
 1596 061f 00       		.byte	0
ARM GAS  C:\Users\umber\AppData\Local\Temp\cca8BSyI.s 			page 29


 1597 0620 18       		.byte	24
 1598 0621 00       		.byte	0
 1599 0622 04       		.byte	4
 1600 0623 00       		.byte	0
 1601 0624 04       		.byte	4
 1602 0625 04       		.byte	4
 1603 0626 04       		.byte	4
 1604 0627 04       		.byte	4
 1605 0628 11       		.byte	17
 1606 0629 11       		.byte	17
 1607 062a 00       		.byte	0
 1608 062b 01       		.byte	1
 1609 062c 00       		.byte	0
 1610 062d 00       		.byte	0
 1611 062e 00       		.byte	0
 1612 062f 00       		.byte	0
 1613 0630 00       		.byte	0
 1614 0631 00       		.byte	0
 1615 0632 40       		.byte	64
 1616 0633 02       		.byte	2
 1617 0634 00       		.byte	0
 1618 0635 10       		.byte	16
 1619 0636 30       		.byte	48
 1620 0637 10       		.byte	16
 1621 0638 00       		.byte	0
 1622 0639 10       		.byte	16
 1623 063a 10       		.byte	16
 1624 063b 12       		.byte	18
 1625 063c 00       		.byte	0
 1626 063d 00       		.byte	0
 1627 063e 00       		.byte	0
 1628 063f 00       		.byte	0
 1629 0640 00       		.byte	0
 1630 0641 00       		.byte	0
 1631 0642 00       		.byte	0
 1632 0643 00       		.byte	0
 1633 0644 00       		.byte	0
 1634 0645 00       		.byte	0
 1635 0646 00       		.byte	0
 1636 0647 00       		.byte	0
 1637 0648 00       		.byte	0
 1638 0649 00       		.byte	0
 1639 064a 00       		.byte	0
 1640 064b 00       		.byte	0
 1641 064c 83       		.byte	-125
 1642 064d 00       		.byte	0
 1643 064e 50       		.byte	80
 1644 064f 80       		.byte	-128
 1645 0650 83       		.byte	-125
 1646 0651 00       		.byte	0
 1647 0652 83       		.byte	-125
 1648 0653 00       		.byte	0
 1649 0654 00       		.byte	0
 1650 0655 00       		.byte	0
 1651 0656 00       		.byte	0
 1652 0657 00       		.byte	0
 1653 0658 00       		.byte	0
ARM GAS  C:\Users\umber\AppData\Local\Temp\cca8BSyI.s 			page 30


 1654 0659 0B       		.byte	11
 1655 065a 0B       		.byte	11
 1656 065b 00       		.byte	0
 1657 065c 00       		.byte	0
 1658 065d 00       		.byte	0
 1659 065e 00       		.byte	0
 1660 065f 00       		.byte	0
 1661 0660 10       		.byte	16
 1662 0661 00       		.byte	0
 1663 0662 08       		.byte	8
 1664 0663 12       		.byte	18
 1665 0664 12       		.byte	18
 1666 0665 00       		.byte	0
 1667 0666 10       		.byte	16
 1668 0667 00       		.byte	0
 1669 0668 00       		.byte	0
 1670 0669 00       		.byte	0
 1671 066a 00       		.byte	0
 1672 066b 00       		.byte	0
 1673              		.section	.cywolatch,"a",%progbits
 1674              		.align	2
 1675              		.type	cy_meta_wonvl, %object
 1676              		.size	cy_meta_wonvl, 4
 1677              	cy_meta_wonvl:
 1678 0000 BC       		.byte	-68
 1679 0001 90       		.byte	-112
 1680 0002 AC       		.byte	-84
 1681 0003 AF       		.byte	-81
 1682              		.section	.cycustnvl,"a",%progbits
 1683              		.align	2
 1684              		.type	cy_meta_custnvl, %object
 1685              		.size	cy_meta_custnvl, 4
 1686              	cy_meta_custnvl:
 1687 0000 00       		.byte	0
 1688 0001 00       		.byte	0
 1689 0002 40       		.byte	64
 1690 0003 05       		.byte	5
 1691              		.section	.cymeta,"a",%progbits
 1692              		.align	2
 1693              		.type	cy_metadata, %object
 1694              		.size	cy_metadata, 12
 1695              	cy_metadata:
 1696 0000 00       		.byte	0
 1697 0001 01       		.byte	1
 1698 0002 2E       		.byte	46
 1699 0003 16       		.byte	22
 1700 0004 10       		.byte	16
 1701 0005 69       		.byte	105
 1702 0006 00       		.byte	0
 1703 0007 01       		.byte	1
 1704 0008 00       		.byte	0
 1705 0009 00       		.byte	0
 1706 000a 00       		.byte	0
 1707 000b 00       		.byte	0
 1708              		.section	.cyflashprotect,"a",%progbits
 1709              		.align	2
 1710              		.type	cy_meta_flashprotect, %object
ARM GAS  C:\Users\umber\AppData\Local\Temp\cca8BSyI.s 			page 31


 1711              		.size	cy_meta_flashprotect, 256
 1712              	cy_meta_flashprotect:
 1713 0000 00000000 		.space	256
 1713      00000000 
 1713      00000000 
 1713      00000000 
 1713      00000000 
 1714              		.text
 1715              	.Letext0:
 1716              		.file 1 "c:\\program files (x86)\\cypress\\psoc creator\\4.4\\psoc creator\\import\\gnu\\arm\\5.4.
 1717              		.file 2 "c:\\program files (x86)\\cypress\\psoc creator\\4.4\\psoc creator\\import\\gnu\\arm\\5.4.
 1718              		.file 3 "Generated_Source\\PSoC5\\cymetadata.c"
 1719              		.section	.debug_info,"",%progbits
 1720              	.Ldebug_info0:
 1721 0000 34010000 		.4byte	0x134
 1722 0004 0400     		.2byte	0x4
 1723 0006 00000000 		.4byte	.Ldebug_abbrev0
 1724 000a 04       		.byte	0x4
 1725 000b 01       		.uleb128 0x1
 1726 000c 74000000 		.4byte	.LASF17
 1727 0010 0C       		.byte	0xc
 1728 0011 CE010000 		.4byte	.LASF18
 1729 0015 0A000000 		.4byte	.LASF19
 1730 0019 00000000 		.4byte	.Ldebug_line0
 1731 001d 02       		.uleb128 0x2
 1732 001e 01       		.byte	0x1
 1733 001f 06       		.byte	0x6
 1734 0020 C2010000 		.4byte	.LASF0
 1735 0024 03       		.uleb128 0x3
 1736 0025 00000000 		.4byte	.LASF9
 1737 0029 01       		.byte	0x1
 1738 002a 1D       		.byte	0x1d
 1739 002b 2F000000 		.4byte	0x2f
 1740 002f 02       		.uleb128 0x2
 1741 0030 01       		.byte	0x1
 1742 0031 08       		.byte	0x8
 1743 0032 66000000 		.4byte	.LASF1
 1744 0036 02       		.uleb128 0x2
 1745 0037 02       		.byte	0x2
 1746 0038 05       		.byte	0x5
 1747 0039 AF010000 		.4byte	.LASF2
 1748 003d 02       		.uleb128 0x2
 1749 003e 02       		.byte	0x2
 1750 003f 07       		.byte	0x7
 1751 0040 14010000 		.4byte	.LASF3
 1752 0044 02       		.uleb128 0x2
 1753 0045 04       		.byte	0x4
 1754 0046 05       		.byte	0x5
 1755 0047 B9010000 		.4byte	.LASF4
 1756 004b 02       		.uleb128 0x2
 1757 004c 04       		.byte	0x4
 1758 004d 07       		.byte	0x7
 1759 004e 02010000 		.4byte	.LASF5
 1760 0052 02       		.uleb128 0x2
 1761 0053 08       		.byte	0x8
 1762 0054 05       		.byte	0x5
 1763 0055 A1010000 		.4byte	.LASF6
ARM GAS  C:\Users\umber\AppData\Local\Temp\cca8BSyI.s 			page 32


 1764 0059 02       		.uleb128 0x2
 1765 005a 08       		.byte	0x8
 1766 005b 07       		.byte	0x7
 1767 005c 56010000 		.4byte	.LASF7
 1768 0060 04       		.uleb128 0x4
 1769 0061 04       		.byte	0x4
 1770 0062 05       		.byte	0x5
 1771 0063 696E7400 		.ascii	"int\000"
 1772 0067 02       		.uleb128 0x2
 1773 0068 04       		.byte	0x4
 1774 0069 07       		.byte	0x7
 1775 006a 49010000 		.4byte	.LASF8
 1776 006e 03       		.uleb128 0x3
 1777 006f 6D010000 		.4byte	.LASF10
 1778 0073 02       		.byte	0x2
 1779 0074 18       		.byte	0x18
 1780 0075 24000000 		.4byte	0x24
 1781 0079 05       		.uleb128 0x5
 1782 007a 91000000 		.4byte	0x91
 1783 007e 8A000000 		.4byte	0x8a
 1784 0082 06       		.uleb128 0x6
 1785 0083 8A000000 		.4byte	0x8a
 1786 0087 6B06     		.2byte	0x66b
 1787 0089 00       		.byte	0
 1788 008a 02       		.uleb128 0x2
 1789 008b 04       		.byte	0x4
 1790 008c 07       		.byte	0x7
 1791 008d 98010000 		.4byte	.LASF11
 1792 0091 07       		.uleb128 0x7
 1793 0092 6E000000 		.4byte	0x6e
 1794 0096 08       		.uleb128 0x8
 1795 0097 37010000 		.4byte	.LASF12
 1796 009b 03       		.byte	0x3
 1797 009c 1F       		.byte	0x1f
 1798 009d A7000000 		.4byte	0xa7
 1799 00a1 05       		.uleb128 0x5
 1800 00a2 03       		.byte	0x3
 1801 00a3 00000000 		.4byte	cy_meta_configecc
 1802 00a7 07       		.uleb128 0x7
 1803 00a8 79000000 		.4byte	0x79
 1804 00ac 05       		.uleb128 0x5
 1805 00ad 91000000 		.4byte	0x91
 1806 00b1 BC000000 		.4byte	0xbc
 1807 00b5 09       		.uleb128 0x9
 1808 00b6 8A000000 		.4byte	0x8a
 1809 00ba 03       		.byte	0x3
 1810 00bb 00       		.byte	0
 1811 00bc 08       		.uleb128 0x8
 1812 00bd 27010000 		.4byte	.LASF13
 1813 00c1 03       		.byte	0x3
 1814 00c2 FA       		.byte	0xfa
 1815 00c3 CD000000 		.4byte	0xcd
 1816 00c7 05       		.uleb128 0x5
 1817 00c8 03       		.byte	0x3
 1818 00c9 00000000 		.4byte	cy_meta_custnvl
 1819 00cd 07       		.uleb128 0x7
 1820 00ce AC000000 		.4byte	0xac
ARM GAS  C:\Users\umber\AppData\Local\Temp\cca8BSyI.s 			page 33


 1821 00d2 0A       		.uleb128 0xa
 1822 00d3 8A010000 		.4byte	.LASF14
 1823 00d7 03       		.byte	0x3
 1824 00d8 0801     		.2byte	0x108
 1825 00da E4000000 		.4byte	0xe4
 1826 00de 05       		.uleb128 0x5
 1827 00df 03       		.byte	0x3
 1828 00e0 00000000 		.4byte	cy_meta_wonvl
 1829 00e4 07       		.uleb128 0x7
 1830 00e5 AC000000 		.4byte	0xac
 1831 00e9 05       		.uleb128 0x5
 1832 00ea 91000000 		.4byte	0x91
 1833 00ee F9000000 		.4byte	0xf9
 1834 00f2 09       		.uleb128 0x9
 1835 00f3 8A000000 		.4byte	0x8a
 1836 00f7 FF       		.byte	0xff
 1837 00f8 00       		.byte	0
 1838 00f9 0A       		.uleb128 0xa
 1839 00fa 75010000 		.4byte	.LASF15
 1840 00fe 03       		.byte	0x3
 1841 00ff 1601     		.2byte	0x116
 1842 0101 0B010000 		.4byte	0x10b
 1843 0105 05       		.uleb128 0x5
 1844 0106 03       		.byte	0x3
 1845 0107 00000000 		.4byte	cy_meta_flashprotect
 1846 010b 07       		.uleb128 0x7
 1847 010c E9000000 		.4byte	0xe9
 1848 0110 05       		.uleb128 0x5
 1849 0111 91000000 		.4byte	0x91
 1850 0115 20010000 		.4byte	0x120
 1851 0119 09       		.uleb128 0x9
 1852 011a 8A000000 		.4byte	0x8a
 1853 011e 0B       		.byte	0xb
 1854 011f 00       		.byte	0
 1855 0120 0A       		.uleb128 0xa
 1856 0121 5A000000 		.4byte	.LASF16
 1857 0125 03       		.byte	0x3
 1858 0126 4301     		.2byte	0x143
 1859 0128 32010000 		.4byte	0x132
 1860 012c 05       		.uleb128 0x5
 1861 012d 03       		.byte	0x3
 1862 012e 00000000 		.4byte	cy_metadata
 1863 0132 07       		.uleb128 0x7
 1864 0133 10010000 		.4byte	0x110
 1865 0137 00       		.byte	0
 1866              		.section	.debug_abbrev,"",%progbits
 1867              	.Ldebug_abbrev0:
 1868 0000 01       		.uleb128 0x1
 1869 0001 11       		.uleb128 0x11
 1870 0002 01       		.byte	0x1
 1871 0003 25       		.uleb128 0x25
 1872 0004 0E       		.uleb128 0xe
 1873 0005 13       		.uleb128 0x13
 1874 0006 0B       		.uleb128 0xb
 1875 0007 03       		.uleb128 0x3
 1876 0008 0E       		.uleb128 0xe
 1877 0009 1B       		.uleb128 0x1b
ARM GAS  C:\Users\umber\AppData\Local\Temp\cca8BSyI.s 			page 34


 1878 000a 0E       		.uleb128 0xe
 1879 000b 10       		.uleb128 0x10
 1880 000c 17       		.uleb128 0x17
 1881 000d 00       		.byte	0
 1882 000e 00       		.byte	0
 1883 000f 02       		.uleb128 0x2
 1884 0010 24       		.uleb128 0x24
 1885 0011 00       		.byte	0
 1886 0012 0B       		.uleb128 0xb
 1887 0013 0B       		.uleb128 0xb
 1888 0014 3E       		.uleb128 0x3e
 1889 0015 0B       		.uleb128 0xb
 1890 0016 03       		.uleb128 0x3
 1891 0017 0E       		.uleb128 0xe
 1892 0018 00       		.byte	0
 1893 0019 00       		.byte	0
 1894 001a 03       		.uleb128 0x3
 1895 001b 16       		.uleb128 0x16
 1896 001c 00       		.byte	0
 1897 001d 03       		.uleb128 0x3
 1898 001e 0E       		.uleb128 0xe
 1899 001f 3A       		.uleb128 0x3a
 1900 0020 0B       		.uleb128 0xb
 1901 0021 3B       		.uleb128 0x3b
 1902 0022 0B       		.uleb128 0xb
 1903 0023 49       		.uleb128 0x49
 1904 0024 13       		.uleb128 0x13
 1905 0025 00       		.byte	0
 1906 0026 00       		.byte	0
 1907 0027 04       		.uleb128 0x4
 1908 0028 24       		.uleb128 0x24
 1909 0029 00       		.byte	0
 1910 002a 0B       		.uleb128 0xb
 1911 002b 0B       		.uleb128 0xb
 1912 002c 3E       		.uleb128 0x3e
 1913 002d 0B       		.uleb128 0xb
 1914 002e 03       		.uleb128 0x3
 1915 002f 08       		.uleb128 0x8
 1916 0030 00       		.byte	0
 1917 0031 00       		.byte	0
 1918 0032 05       		.uleb128 0x5
 1919 0033 01       		.uleb128 0x1
 1920 0034 01       		.byte	0x1
 1921 0035 49       		.uleb128 0x49
 1922 0036 13       		.uleb128 0x13
 1923 0037 01       		.uleb128 0x1
 1924 0038 13       		.uleb128 0x13
 1925 0039 00       		.byte	0
 1926 003a 00       		.byte	0
 1927 003b 06       		.uleb128 0x6
 1928 003c 21       		.uleb128 0x21
 1929 003d 00       		.byte	0
 1930 003e 49       		.uleb128 0x49
 1931 003f 13       		.uleb128 0x13
 1932 0040 2F       		.uleb128 0x2f
 1933 0041 05       		.uleb128 0x5
 1934 0042 00       		.byte	0
ARM GAS  C:\Users\umber\AppData\Local\Temp\cca8BSyI.s 			page 35


 1935 0043 00       		.byte	0
 1936 0044 07       		.uleb128 0x7
 1937 0045 26       		.uleb128 0x26
 1938 0046 00       		.byte	0
 1939 0047 49       		.uleb128 0x49
 1940 0048 13       		.uleb128 0x13
 1941 0049 00       		.byte	0
 1942 004a 00       		.byte	0
 1943 004b 08       		.uleb128 0x8
 1944 004c 34       		.uleb128 0x34
 1945 004d 00       		.byte	0
 1946 004e 03       		.uleb128 0x3
 1947 004f 0E       		.uleb128 0xe
 1948 0050 3A       		.uleb128 0x3a
 1949 0051 0B       		.uleb128 0xb
 1950 0052 3B       		.uleb128 0x3b
 1951 0053 0B       		.uleb128 0xb
 1952 0054 49       		.uleb128 0x49
 1953 0055 13       		.uleb128 0x13
 1954 0056 3F       		.uleb128 0x3f
 1955 0057 19       		.uleb128 0x19
 1956 0058 02       		.uleb128 0x2
 1957 0059 18       		.uleb128 0x18
 1958 005a 00       		.byte	0
 1959 005b 00       		.byte	0
 1960 005c 09       		.uleb128 0x9
 1961 005d 21       		.uleb128 0x21
 1962 005e 00       		.byte	0
 1963 005f 49       		.uleb128 0x49
 1964 0060 13       		.uleb128 0x13
 1965 0061 2F       		.uleb128 0x2f
 1966 0062 0B       		.uleb128 0xb
 1967 0063 00       		.byte	0
 1968 0064 00       		.byte	0
 1969 0065 0A       		.uleb128 0xa
 1970 0066 34       		.uleb128 0x34
 1971 0067 00       		.byte	0
 1972 0068 03       		.uleb128 0x3
 1973 0069 0E       		.uleb128 0xe
 1974 006a 3A       		.uleb128 0x3a
 1975 006b 0B       		.uleb128 0xb
 1976 006c 3B       		.uleb128 0x3b
 1977 006d 05       		.uleb128 0x5
 1978 006e 49       		.uleb128 0x49
 1979 006f 13       		.uleb128 0x13
 1980 0070 3F       		.uleb128 0x3f
 1981 0071 19       		.uleb128 0x19
 1982 0072 02       		.uleb128 0x2
 1983 0073 18       		.uleb128 0x18
 1984 0074 00       		.byte	0
 1985 0075 00       		.byte	0
 1986 0076 00       		.byte	0
 1987              		.section	.debug_aranges,"",%progbits
 1988 0000 14000000 		.4byte	0x14
 1989 0004 0200     		.2byte	0x2
 1990 0006 00000000 		.4byte	.Ldebug_info0
 1991 000a 04       		.byte	0x4
ARM GAS  C:\Users\umber\AppData\Local\Temp\cca8BSyI.s 			page 36


 1992 000b 00       		.byte	0
 1993 000c 0000     		.2byte	0
 1994 000e 0000     		.2byte	0
 1995 0010 00000000 		.4byte	0
 1996 0014 00000000 		.4byte	0
 1997              		.section	.debug_line,"",%progbits
 1998              	.Ldebug_line0:
 1999 0000 3D010000 		.section	.debug_str,"MS",%progbits,1
 1999      02003701 
 1999      00000201 
 1999      FB0E0D00 
 1999      01010101 
 2000              	.LASF9:
 2001 0000 5F5F7569 		.ascii	"__uint8_t\000"
 2001      6E74385F 
 2001      7400
 2002              	.LASF19:
 2003 000a 433A5C55 		.ascii	"C:\\Users\\umber\\Downloads\\AY2122_II_Project-4\\P"
 2003      73657273 
 2003      5C756D62 
 2003      65725C44 
 2003      6F776E6C 
 2004 0038 536F4320 		.ascii	"SoC Code\\AY2122_II\\Project4.cydsn\000"
 2004      436F6465 
 2004      5C415932 
 2004      3132325F 
 2004      49495C50 
 2005              	.LASF16:
 2006 005a 63795F6D 		.ascii	"cy_metadata\000"
 2006      65746164 
 2006      61746100 
 2007              	.LASF1:
 2008 0066 756E7369 		.ascii	"unsigned char\000"
 2008      676E6564 
 2008      20636861 
 2008      7200
 2009              	.LASF17:
 2010 0074 474E5520 		.ascii	"GNU C11 5.4.1 20160609 (release) [ARM/embedded-5-br"
 2010      43313120 
 2010      352E342E 
 2010      31203230 
 2010      31363036 
 2011 00a7 616E6368 		.ascii	"anch revision 237715] -mcpu=cortex-m3 -mthumb -g -O"
 2011      20726576 
 2011      6973696F 
 2011      6E203233 
 2011      37373135 
 2012 00da 67202D66 		.ascii	"g -ffunction-sections -ffat-lto-objects\000"
 2012      66756E63 
 2012      74696F6E 
 2012      2D736563 
 2012      74696F6E 
 2013              	.LASF5:
 2014 0102 6C6F6E67 		.ascii	"long unsigned int\000"
 2014      20756E73 
 2014      69676E65 
 2014      6420696E 
ARM GAS  C:\Users\umber\AppData\Local\Temp\cca8BSyI.s 			page 37


 2014      7400
 2015              	.LASF3:
 2016 0114 73686F72 		.ascii	"short unsigned int\000"
 2016      7420756E 
 2016      7369676E 
 2016      65642069 
 2016      6E7400
 2017              	.LASF13:
 2018 0127 63795F6D 		.ascii	"cy_meta_custnvl\000"
 2018      6574615F 
 2018      63757374 
 2018      6E766C00 
 2019              	.LASF12:
 2020 0137 63795F6D 		.ascii	"cy_meta_configecc\000"
 2020      6574615F 
 2020      636F6E66 
 2020      69676563 
 2020      6300
 2021              	.LASF8:
 2022 0149 756E7369 		.ascii	"unsigned int\000"
 2022      676E6564 
 2022      20696E74 
 2022      00
 2023              	.LASF7:
 2024 0156 6C6F6E67 		.ascii	"long long unsigned int\000"
 2024      206C6F6E 
 2024      6720756E 
 2024      7369676E 
 2024      65642069 
 2025              	.LASF10:
 2026 016d 75696E74 		.ascii	"uint8_t\000"
 2026      385F7400 
 2027              	.LASF15:
 2028 0175 63795F6D 		.ascii	"cy_meta_flashprotect\000"
 2028      6574615F 
 2028      666C6173 
 2028      6870726F 
 2028      74656374 
 2029              	.LASF14:
 2030 018a 63795F6D 		.ascii	"cy_meta_wonvl\000"
 2030      6574615F 
 2030      776F6E76 
 2030      6C00
 2031              	.LASF11:
 2032 0198 73697A65 		.ascii	"sizetype\000"
 2032      74797065 
 2032      00
 2033              	.LASF6:
 2034 01a1 6C6F6E67 		.ascii	"long long int\000"
 2034      206C6F6E 
 2034      6720696E 
 2034      7400
 2035              	.LASF2:
 2036 01af 73686F72 		.ascii	"short int\000"
 2036      7420696E 
 2036      7400
 2037              	.LASF4:
ARM GAS  C:\Users\umber\AppData\Local\Temp\cca8BSyI.s 			page 38


 2038 01b9 6C6F6E67 		.ascii	"long int\000"
 2038      20696E74 
 2038      00
 2039              	.LASF0:
 2040 01c2 7369676E 		.ascii	"signed char\000"
 2040      65642063 
 2040      68617200 
 2041              	.LASF18:
 2042 01ce 47656E65 		.ascii	"Generated_Source\\PSoC5\\cymetadata.c\000"
 2042      72617465 
 2042      645F536F 
 2042      75726365 
 2042      5C50536F 
 2043              		.ident	"GCC: (GNU Tools for ARM Embedded Processors) 5.4.1 20160609 (release) [ARM/embedded-5-bran
