ARM GAS  C:\Users\umber\AppData\Local\Temp\ccm0hC1G.s 			page 1


   1              		.syntax unified
   2              		.cpu cortex-m3
   3              		.fpu softvfp
   4              		.eabi_attribute 20, 1
   5              		.eabi_attribute 21, 1
   6              		.eabi_attribute 23, 3
   7              		.eabi_attribute 24, 1
   8              		.eabi_attribute 25, 1
   9              		.eabi_attribute 26, 1
  10              		.eabi_attribute 30, 1
  11              		.eabi_attribute 34, 1
  12              		.eabi_attribute 18, 4
  13              		.thumb
  14              		.syntax unified
  15              		.file	"InterruptRoutines.c"
  16              		.text
  17              	.Ltext0:
  18              		.cfi_sections	.debug_frame
  19              		.section	.text.Custom_ISR_RX,"ax",%progbits
  20              		.align	2
  21              		.global	Custom_ISR_RX
  22              		.thumb
  23              		.thumb_func
  24              		.type	Custom_ISR_RX, %function
  25              	Custom_ISR_RX:
  26              	.LFB64:
  27              		.file 1 "InterruptRoutines.c"
   1:InterruptRoutines.c **** /* ========================================
   2:InterruptRoutines.c ****  *
   3:InterruptRoutines.c ****  * Copyright YOUR COMPANY, THE YEAR
   4:InterruptRoutines.c ****  * All Rights Reserved
   5:InterruptRoutines.c ****  * UNPUBLISHED, LICENSED SOFTWARE.
   6:InterruptRoutines.c ****  *
   7:InterruptRoutines.c ****  * CONFIDENTIAL AND PROPRIETARY INFORMATION
   8:InterruptRoutines.c ****  * WHICH IS THE PROPERTY OF your company.
   9:InterruptRoutines.c ****  *
  10:InterruptRoutines.c ****  * ========================================
  11:InterruptRoutines.c **** */
  12:InterruptRoutines.c **** #include "InterruptRoutines.h" 
  13:InterruptRoutines.c **** #include "project.h"
  14:InterruptRoutines.c **** #include "I2C_Interface.h"
  15:InterruptRoutines.c **** #include "LIS3DH.h"
  16:InterruptRoutines.c **** 
  17:InterruptRoutines.c **** 
  18:InterruptRoutines.c **** uint8_t ch_received;
  19:InterruptRoutines.c **** extern ErrorCode error;
  20:InterruptRoutines.c **** extern char problem;
  21:InterruptRoutines.c **** char ledStatus;
  22:InterruptRoutines.c **** 
  23:InterruptRoutines.c **** CY_ISR(Custom_ISR_RX)
  24:InterruptRoutines.c **** {
  28              		.loc 1 24 0
  29              		.cfi_startproc
  30              		@ args = 0, pretend = 0, frame = 0
  31              		@ frame_needed = 0, uses_anonymous_args = 0
  32 0000 08B5     		push	{r3, lr}
  33              		.cfi_def_cfa_offset 8
ARM GAS  C:\Users\umber\AppData\Local\Temp\ccm0hC1G.s 			page 2


  34              		.cfi_offset 3, -8
  35              		.cfi_offset 14, -4
  25:InterruptRoutines.c ****     ch_received = UART_GetChar(); //receives one byte, if we have a string we have to do it recursi
  36              		.loc 1 25 0
  37 0002 FFF7FEFF 		bl	UART_GetChar
  38              	.LVL0:
  39 0006 0A4B     		ldr	r3, .L7
  40 0008 1870     		strb	r0, [r3]
  26:InterruptRoutines.c ****     
  27:InterruptRoutines.c ****     switch(ch_received)
  41              		.loc 1 27 0
  42 000a 5328     		cmp	r0, #83
  43 000c 0CD0     		beq	.L3
  44 000e 02D8     		bhi	.L4
  45 0010 4128     		cmp	r0, #65
  46 0012 05D0     		beq	.L5
  47 0014 08BD     		pop	{r3, pc}
  48              	.L4:
  49 0016 6128     		cmp	r0, #97
  50 0018 02D0     		beq	.L5
  51 001a 7328     		cmp	r0, #115
  52 001c 04D0     		beq	.L3
  53 001e 08BD     		pop	{r3, pc}
  54              	.L5:
  28:InterruptRoutines.c ****     {
  29:InterruptRoutines.c ****         //starting case (the two notations in columns mens that the code works for both)
  30:InterruptRoutines.c ****         case 'a':
  31:InterruptRoutines.c ****         case 'A':
  32:InterruptRoutines.c ****             status=SAMPLE;
  55              		.loc 1 32 0
  56 0020 0122     		movs	r2, #1
  57 0022 044B     		ldr	r3, .L7+4
  58 0024 1A70     		strb	r2, [r3]
  33:InterruptRoutines.c ****             //Timer_Start();
  34:InterruptRoutines.c ****             //flag_stop = 0;
  35:InterruptRoutines.c ****             break;
  59              		.loc 1 35 0
  60 0026 08BD     		pop	{r3, pc}
  61              	.L3:
  36:InterruptRoutines.c ****         
  37:InterruptRoutines.c ****         case 's':
  38:InterruptRoutines.c ****         case 'S':
  39:InterruptRoutines.c ****             status=HOLD;
  62              		.loc 1 39 0
  63 0028 0222     		movs	r2, #2
  64 002a 024B     		ldr	r3, .L7+4
  65 002c 1A70     		strb	r2, [r3]
  66 002e 08BD     		pop	{r3, pc}
  67              	.L8:
  68              		.align	2
  69              	.L7:
  70 0030 00000000 		.word	ch_received
  71 0034 00000000 		.word	status
  72              		.cfi_endproc
  73              	.LFE64:
  74              		.size	Custom_ISR_RX, .-Custom_ISR_RX
  75              		.section	.text.Custom_ISR_LED,"ax",%progbits
ARM GAS  C:\Users\umber\AppData\Local\Temp\ccm0hC1G.s 			page 3


  76              		.align	2
  77              		.global	Custom_ISR_LED
  78              		.thumb
  79              		.thumb_func
  80              		.type	Custom_ISR_LED, %function
  81              	Custom_ISR_LED:
  82              	.LFB65:
  40:InterruptRoutines.c ****         break;
  41:InterruptRoutines.c ****         //default case
  42:InterruptRoutines.c ****         default:
  43:InterruptRoutines.c ****             break;
  44:InterruptRoutines.c ****     }
  45:InterruptRoutines.c **** }
  46:InterruptRoutines.c **** /*
  47:InterruptRoutines.c **** CY_ISR(Custom_ISR_read)
  48:InterruptRoutines.c **** {
  49:InterruptRoutines.c ****     Timer_read_ReadStatusRegister();
  50:InterruptRoutines.c ****     if(status==SAMPLE && dataReady==0)
  51:InterruptRoutines.c ****     {
  52:InterruptRoutines.c ****         error = I2C_Peripheral_ReadRegister(LIS3DH_DEVICE_ADDRESS,LIS3DH_OUT_X_L,&dataLSB);
  53:InterruptRoutines.c ****         error = I2C_Peripheral_ReadRegister(LIS3DH_DEVICE_ADDRESS,LIS3DH_OUT_X_H,&dataMSB);
  54:InterruptRoutines.c ****         if (error == NO_ERROR) xData = (dataLSB | (dataMSB<<8)) >> 6;
  55:InterruptRoutines.c ****         error = I2C_Peripheral_ReadRegister(LIS3DH_DEVICE_ADDRESS,LIS3DH_OUT_Y_L,&dataLSB);
  56:InterruptRoutines.c ****         error = I2C_Peripheral_ReadRegister(LIS3DH_DEVICE_ADDRESS,LIS3DH_OUT_Y_H,&dataMSB);
  57:InterruptRoutines.c ****         if (error == NO_ERROR) yData = (dataLSB | (dataMSB<<8)) >> 6;
  58:InterruptRoutines.c ****         error = I2C_Peripheral_ReadRegister(LIS3DH_DEVICE_ADDRESS,LIS3DH_OUT_Z_L,&dataLSB);
  59:InterruptRoutines.c ****         error = I2C_Peripheral_ReadRegister(LIS3DH_DEVICE_ADDRESS,LIS3DH_OUT_Z_H,&dataMSB);
  60:InterruptRoutines.c ****         if (error == NO_ERROR) zData = (dataLSB | (dataMSB<<8)) >> 6;
  61:InterruptRoutines.c ****         dataReady=1 ;
  62:InterruptRoutines.c ****     }    
  63:InterruptRoutines.c **** }
  64:InterruptRoutines.c **** */
  65:InterruptRoutines.c **** CY_ISR(Custom_ISR_LED)
  66:InterruptRoutines.c **** {
  83              		.loc 1 66 0
  84              		.cfi_startproc
  85              		@ args = 0, pretend = 0, frame = 0
  86              		@ frame_needed = 0, uses_anonymous_args = 0
  87 0000 08B5     		push	{r3, lr}
  88              		.cfi_def_cfa_offset 8
  89              		.cfi_offset 3, -8
  90              		.cfi_offset 14, -4
  67:InterruptRoutines.c ****     Timer_LED_ReadStatusRegister();
  91              		.loc 1 67 0
  92 0002 FFF7FEFF 		bl	Timer_LED_ReadStatusRegister
  93              	.LVL1:
  68:InterruptRoutines.c ****     if(problem==1)
  94              		.loc 1 68 0
  95 0006 074B     		ldr	r3, .L12
  96 0008 1B78     		ldrb	r3, [r3]	@ zero_extendqisi2
  97 000a 012B     		cmp	r3, #1
  98 000c 08D1     		bne	.L9
  69:InterruptRoutines.c ****     {
  70:InterruptRoutines.c ****         ledStatus = Pin_LED_Read();
  99              		.loc 1 70 0
 100 000e FFF7FEFF 		bl	Pin_LED_Read
 101              	.LVL2:
ARM GAS  C:\Users\umber\AppData\Local\Temp\ccm0hC1G.s 			page 4


  71:InterruptRoutines.c ****         ledStatus = !ledStatus;
 102              		.loc 1 71 0
 103 0012 B0FA80F0 		clz	r0, r0
 104 0016 4009     		lsrs	r0, r0, #5
 105 0018 034B     		ldr	r3, .L12+4
 106 001a 1870     		strb	r0, [r3]
  72:InterruptRoutines.c ****         Pin_LED_Write(ledStatus);
 107              		.loc 1 72 0
 108 001c FFF7FEFF 		bl	Pin_LED_Write
 109              	.LVL3:
 110              	.L9:
 111 0020 08BD     		pop	{r3, pc}
 112              	.L13:
 113 0022 00BF     		.align	2
 114              	.L12:
 115 0024 00000000 		.word	problem
 116 0028 00000000 		.word	ledStatus
 117              		.cfi_endproc
 118              	.LFE65:
 119              		.size	Custom_ISR_LED, .-Custom_ISR_LED
 120              		.comm	ledStatus,1,1
 121              		.comm	ch_received,1,1
 122              		.comm	status,1,1
 123              		.comm	dataReady,1,1
 124              		.text
 125              	.Letext0:
 126              		.file 2 "c:\\program files (x86)\\cypress\\psoc creator\\4.4\\psoc creator\\import\\gnu\\arm\\5.4.
 127              		.file 3 "c:\\program files (x86)\\cypress\\psoc creator\\4.4\\psoc creator\\import\\gnu\\arm\\5.4.
 128              		.file 4 "Generated_Source\\PSoC5/core_cm3.h"
 129              		.file 5 "InterruptRoutines.h"
 130              		.file 6 "Generated_Source\\PSoC5/UART.h"
 131              		.file 7 "Generated_Source\\PSoC5/Timer_LED.h"
 132              		.file 8 "Generated_Source\\PSoC5/Pin_LED.h"
 133              		.section	.debug_info,"",%progbits
 134              	.Ldebug_info0:
 135 0000 93010000 		.4byte	0x193
 136 0004 0400     		.2byte	0x4
 137 0006 00000000 		.4byte	.Ldebug_abbrev0
 138 000a 04       		.byte	0x4
 139 000b 01       		.uleb128 0x1
 140 000c 91000000 		.4byte	.LASF30
 141 0010 0C       		.byte	0xc
 142 0011 4B020000 		.4byte	.LASF31
 143 0015 14000000 		.4byte	.LASF32
 144 0019 00000000 		.4byte	.Ldebug_ranges0+0
 145 001d 00000000 		.4byte	0
 146 0021 00000000 		.4byte	.Ldebug_line0
 147 0025 02       		.uleb128 0x2
 148 0026 01       		.byte	0x1
 149 0027 06       		.byte	0x6
 150 0028 32020000 		.4byte	.LASF0
 151 002c 03       		.uleb128 0x3
 152 002d 00000000 		.4byte	.LASF4
 153 0031 02       		.byte	0x2
 154 0032 1D       		.byte	0x1d
 155 0033 37000000 		.4byte	0x37
 156 0037 02       		.uleb128 0x2
ARM GAS  C:\Users\umber\AppData\Local\Temp\ccm0hC1G.s 			page 5


 157 0038 01       		.byte	0x1
 158 0039 08       		.byte	0x8
 159 003a 83000000 		.4byte	.LASF1
 160 003e 02       		.uleb128 0x2
 161 003f 02       		.byte	0x2
 162 0040 05       		.byte	0x5
 163 0041 0E020000 		.4byte	.LASF2
 164 0045 02       		.uleb128 0x2
 165 0046 02       		.byte	0x2
 166 0047 07       		.byte	0x7
 167 0048 31010000 		.4byte	.LASF3
 168 004c 03       		.uleb128 0x3
 169 004d 0A000000 		.4byte	.LASF5
 170 0051 02       		.byte	0x2
 171 0052 3F       		.byte	0x3f
 172 0053 57000000 		.4byte	0x57
 173 0057 02       		.uleb128 0x2
 174 0058 04       		.byte	0x4
 175 0059 05       		.byte	0x5
 176 005a 18020000 		.4byte	.LASF6
 177 005e 02       		.uleb128 0x2
 178 005f 04       		.byte	0x4
 179 0060 07       		.byte	0x7
 180 0061 1F010000 		.4byte	.LASF7
 181 0065 02       		.uleb128 0x2
 182 0066 08       		.byte	0x8
 183 0067 05       		.byte	0x5
 184 0068 CB010000 		.4byte	.LASF8
 185 006c 02       		.uleb128 0x2
 186 006d 08       		.byte	0x8
 187 006e 07       		.byte	0x7
 188 006f 8A010000 		.4byte	.LASF9
 189 0073 04       		.uleb128 0x4
 190 0074 04       		.byte	0x4
 191 0075 05       		.byte	0x5
 192 0076 696E7400 		.ascii	"int\000"
 193 007a 02       		.uleb128 0x2
 194 007b 04       		.byte	0x4
 195 007c 07       		.byte	0x7
 196 007d 6F010000 		.4byte	.LASF10
 197 0081 03       		.uleb128 0x3
 198 0082 A1010000 		.4byte	.LASF11
 199 0086 03       		.byte	0x3
 200 0087 18       		.byte	0x18
 201 0088 2C000000 		.4byte	0x2c
 202 008c 03       		.uleb128 0x3
 203 008d 6B000000 		.4byte	.LASF12
 204 0091 03       		.byte	0x3
 205 0092 2C       		.byte	0x2c
 206 0093 4C000000 		.4byte	0x4c
 207 0097 02       		.uleb128 0x2
 208 0098 04       		.byte	0x4
 209 0099 04       		.byte	0x4
 210 009a 73000000 		.4byte	.LASF13
 211 009e 02       		.uleb128 0x2
 212 009f 08       		.byte	0x8
 213 00a0 04       		.byte	0x4
ARM GAS  C:\Users\umber\AppData\Local\Temp\ccm0hC1G.s 			page 6


 214 00a1 60010000 		.4byte	.LASF14
 215 00a5 02       		.uleb128 0x2
 216 00a6 01       		.byte	0x1
 217 00a7 08       		.byte	0x8
 218 00a8 21020000 		.4byte	.LASF15
 219 00ac 02       		.uleb128 0x2
 220 00ad 08       		.byte	0x8
 221 00ae 04       		.byte	0x4
 222 00af 26020000 		.4byte	.LASF16
 223 00b3 02       		.uleb128 0x2
 224 00b4 04       		.byte	0x4
 225 00b5 07       		.byte	0x7
 226 00b6 C2010000 		.4byte	.LASF17
 227 00ba 05       		.uleb128 0x5
 228 00bb D9010000 		.4byte	.LASF18
 229 00bf 01       		.byte	0x1
 230 00c0 17       		.byte	0x17
 231 00c1 00000000 		.4byte	.LFB64
 232 00c5 38000000 		.4byte	.LFE64-.LFB64
 233 00c9 01       		.uleb128 0x1
 234 00ca 9C       		.byte	0x9c
 235 00cb D9000000 		.4byte	0xd9
 236 00cf 06       		.uleb128 0x6
 237 00d0 06000000 		.4byte	.LVL0
 238 00d4 6A010000 		.4byte	0x16a
 239 00d8 00       		.byte	0
 240 00d9 05       		.uleb128 0x5
 241 00da 51010000 		.4byte	.LASF19
 242 00de 01       		.byte	0x1
 243 00df 41       		.byte	0x41
 244 00e0 00000000 		.4byte	.LFB65
 245 00e4 2C000000 		.4byte	.LFE65-.LFB65
 246 00e8 01       		.uleb128 0x1
 247 00e9 9C       		.byte	0x9c
 248 00ea 0A010000 		.4byte	0x10a
 249 00ee 06       		.uleb128 0x6
 250 00ef 06000000 		.4byte	.LVL1
 251 00f3 75010000 		.4byte	0x175
 252 00f7 06       		.uleb128 0x6
 253 00f8 12000000 		.4byte	.LVL2
 254 00fc 80010000 		.4byte	0x180
 255 0100 06       		.uleb128 0x6
 256 0101 20000000 		.4byte	.LVL3
 257 0105 8B010000 		.4byte	0x18b
 258 0109 00       		.byte	0
 259 010a 07       		.uleb128 0x7
 260 010b 44010000 		.4byte	.LASF20
 261 010f 04       		.byte	0x4
 262 0110 1207     		.2byte	0x712
 263 0112 16010000 		.4byte	0x116
 264 0116 08       		.uleb128 0x8
 265 0117 8C000000 		.4byte	0x8c
 266 011b 09       		.uleb128 0x9
 267 011c 04020000 		.4byte	.LASF21
 268 0120 05       		.byte	0x5
 269 0121 1E       		.byte	0x1e
 270 0122 A5000000 		.4byte	0xa5
ARM GAS  C:\Users\umber\AppData\Local\Temp\ccm0hC1G.s 			page 7


 271 0126 05       		.uleb128 0x5
 272 0127 03       		.byte	0x3
 273 0128 00000000 		.4byte	dataReady
 274 012c 09       		.uleb128 0x9
 275 012d 64000000 		.4byte	.LASF22
 276 0131 05       		.byte	0x5
 277 0132 20       		.byte	0x20
 278 0133 A5000000 		.4byte	0xa5
 279 0137 05       		.uleb128 0x5
 280 0138 03       		.byte	0x3
 281 0139 00000000 		.4byte	status
 282 013d 09       		.uleb128 0x9
 283 013e B6010000 		.4byte	.LASF23
 284 0142 01       		.byte	0x1
 285 0143 12       		.byte	0x12
 286 0144 81000000 		.4byte	0x81
 287 0148 05       		.uleb128 0x5
 288 0149 03       		.byte	0x3
 289 014a 00000000 		.4byte	ch_received
 290 014e 0A       		.uleb128 0xa
 291 014f 67010000 		.4byte	.LASF24
 292 0153 01       		.byte	0x1
 293 0154 14       		.byte	0x14
 294 0155 A5000000 		.4byte	0xa5
 295 0159 09       		.uleb128 0x9
 296 015a 79000000 		.4byte	.LASF25
 297 015e 01       		.byte	0x1
 298 015f 15       		.byte	0x15
 299 0160 A5000000 		.4byte	0xa5
 300 0164 05       		.uleb128 0x5
 301 0165 03       		.byte	0x3
 302 0166 00000000 		.4byte	ledStatus
 303 016a 0B       		.uleb128 0xb
 304 016b 3E020000 		.4byte	.LASF26
 305 016f 3E020000 		.4byte	.LASF26
 306 0173 06       		.byte	0x6
 307 0174 71       		.byte	0x71
 308 0175 0B       		.uleb128 0xb
 309 0176 E7010000 		.4byte	.LASF27
 310 017a E7010000 		.4byte	.LASF27
 311 017e 07       		.byte	0x7
 312 017f 5E       		.byte	0x5e
 313 0180 0B       		.uleb128 0xb
 314 0181 A9010000 		.4byte	.LASF28
 315 0185 A9010000 		.4byte	.LASF28
 316 0189 08       		.byte	0x8
 317 018a 29       		.byte	0x29
 318 018b 0B       		.uleb128 0xb
 319 018c 7C010000 		.4byte	.LASF29
 320 0190 7C010000 		.4byte	.LASF29
 321 0194 08       		.byte	0x8
 322 0195 26       		.byte	0x26
 323 0196 00       		.byte	0
 324              		.section	.debug_abbrev,"",%progbits
 325              	.Ldebug_abbrev0:
 326 0000 01       		.uleb128 0x1
 327 0001 11       		.uleb128 0x11
ARM GAS  C:\Users\umber\AppData\Local\Temp\ccm0hC1G.s 			page 8


 328 0002 01       		.byte	0x1
 329 0003 25       		.uleb128 0x25
 330 0004 0E       		.uleb128 0xe
 331 0005 13       		.uleb128 0x13
 332 0006 0B       		.uleb128 0xb
 333 0007 03       		.uleb128 0x3
 334 0008 0E       		.uleb128 0xe
 335 0009 1B       		.uleb128 0x1b
 336 000a 0E       		.uleb128 0xe
 337 000b 55       		.uleb128 0x55
 338 000c 17       		.uleb128 0x17
 339 000d 11       		.uleb128 0x11
 340 000e 01       		.uleb128 0x1
 341 000f 10       		.uleb128 0x10
 342 0010 17       		.uleb128 0x17
 343 0011 00       		.byte	0
 344 0012 00       		.byte	0
 345 0013 02       		.uleb128 0x2
 346 0014 24       		.uleb128 0x24
 347 0015 00       		.byte	0
 348 0016 0B       		.uleb128 0xb
 349 0017 0B       		.uleb128 0xb
 350 0018 3E       		.uleb128 0x3e
 351 0019 0B       		.uleb128 0xb
 352 001a 03       		.uleb128 0x3
 353 001b 0E       		.uleb128 0xe
 354 001c 00       		.byte	0
 355 001d 00       		.byte	0
 356 001e 03       		.uleb128 0x3
 357 001f 16       		.uleb128 0x16
 358 0020 00       		.byte	0
 359 0021 03       		.uleb128 0x3
 360 0022 0E       		.uleb128 0xe
 361 0023 3A       		.uleb128 0x3a
 362 0024 0B       		.uleb128 0xb
 363 0025 3B       		.uleb128 0x3b
 364 0026 0B       		.uleb128 0xb
 365 0027 49       		.uleb128 0x49
 366 0028 13       		.uleb128 0x13
 367 0029 00       		.byte	0
 368 002a 00       		.byte	0
 369 002b 04       		.uleb128 0x4
 370 002c 24       		.uleb128 0x24
 371 002d 00       		.byte	0
 372 002e 0B       		.uleb128 0xb
 373 002f 0B       		.uleb128 0xb
 374 0030 3E       		.uleb128 0x3e
 375 0031 0B       		.uleb128 0xb
 376 0032 03       		.uleb128 0x3
 377 0033 08       		.uleb128 0x8
 378 0034 00       		.byte	0
 379 0035 00       		.byte	0
 380 0036 05       		.uleb128 0x5
 381 0037 2E       		.uleb128 0x2e
 382 0038 01       		.byte	0x1
 383 0039 3F       		.uleb128 0x3f
 384 003a 19       		.uleb128 0x19
ARM GAS  C:\Users\umber\AppData\Local\Temp\ccm0hC1G.s 			page 9


 385 003b 03       		.uleb128 0x3
 386 003c 0E       		.uleb128 0xe
 387 003d 3A       		.uleb128 0x3a
 388 003e 0B       		.uleb128 0xb
 389 003f 3B       		.uleb128 0x3b
 390 0040 0B       		.uleb128 0xb
 391 0041 27       		.uleb128 0x27
 392 0042 19       		.uleb128 0x19
 393 0043 11       		.uleb128 0x11
 394 0044 01       		.uleb128 0x1
 395 0045 12       		.uleb128 0x12
 396 0046 06       		.uleb128 0x6
 397 0047 40       		.uleb128 0x40
 398 0048 18       		.uleb128 0x18
 399 0049 9742     		.uleb128 0x2117
 400 004b 19       		.uleb128 0x19
 401 004c 01       		.uleb128 0x1
 402 004d 13       		.uleb128 0x13
 403 004e 00       		.byte	0
 404 004f 00       		.byte	0
 405 0050 06       		.uleb128 0x6
 406 0051 898201   		.uleb128 0x4109
 407 0054 00       		.byte	0
 408 0055 11       		.uleb128 0x11
 409 0056 01       		.uleb128 0x1
 410 0057 31       		.uleb128 0x31
 411 0058 13       		.uleb128 0x13
 412 0059 00       		.byte	0
 413 005a 00       		.byte	0
 414 005b 07       		.uleb128 0x7
 415 005c 34       		.uleb128 0x34
 416 005d 00       		.byte	0
 417 005e 03       		.uleb128 0x3
 418 005f 0E       		.uleb128 0xe
 419 0060 3A       		.uleb128 0x3a
 420 0061 0B       		.uleb128 0xb
 421 0062 3B       		.uleb128 0x3b
 422 0063 05       		.uleb128 0x5
 423 0064 49       		.uleb128 0x49
 424 0065 13       		.uleb128 0x13
 425 0066 3F       		.uleb128 0x3f
 426 0067 19       		.uleb128 0x19
 427 0068 3C       		.uleb128 0x3c
 428 0069 19       		.uleb128 0x19
 429 006a 00       		.byte	0
 430 006b 00       		.byte	0
 431 006c 08       		.uleb128 0x8
 432 006d 35       		.uleb128 0x35
 433 006e 00       		.byte	0
 434 006f 49       		.uleb128 0x49
 435 0070 13       		.uleb128 0x13
 436 0071 00       		.byte	0
 437 0072 00       		.byte	0
 438 0073 09       		.uleb128 0x9
 439 0074 34       		.uleb128 0x34
 440 0075 00       		.byte	0
 441 0076 03       		.uleb128 0x3
ARM GAS  C:\Users\umber\AppData\Local\Temp\ccm0hC1G.s 			page 10


 442 0077 0E       		.uleb128 0xe
 443 0078 3A       		.uleb128 0x3a
 444 0079 0B       		.uleb128 0xb
 445 007a 3B       		.uleb128 0x3b
 446 007b 0B       		.uleb128 0xb
 447 007c 49       		.uleb128 0x49
 448 007d 13       		.uleb128 0x13
 449 007e 3F       		.uleb128 0x3f
 450 007f 19       		.uleb128 0x19
 451 0080 02       		.uleb128 0x2
 452 0081 18       		.uleb128 0x18
 453 0082 00       		.byte	0
 454 0083 00       		.byte	0
 455 0084 0A       		.uleb128 0xa
 456 0085 34       		.uleb128 0x34
 457 0086 00       		.byte	0
 458 0087 03       		.uleb128 0x3
 459 0088 0E       		.uleb128 0xe
 460 0089 3A       		.uleb128 0x3a
 461 008a 0B       		.uleb128 0xb
 462 008b 3B       		.uleb128 0x3b
 463 008c 0B       		.uleb128 0xb
 464 008d 49       		.uleb128 0x49
 465 008e 13       		.uleb128 0x13
 466 008f 3F       		.uleb128 0x3f
 467 0090 19       		.uleb128 0x19
 468 0091 3C       		.uleb128 0x3c
 469 0092 19       		.uleb128 0x19
 470 0093 00       		.byte	0
 471 0094 00       		.byte	0
 472 0095 0B       		.uleb128 0xb
 473 0096 2E       		.uleb128 0x2e
 474 0097 00       		.byte	0
 475 0098 3F       		.uleb128 0x3f
 476 0099 19       		.uleb128 0x19
 477 009a 3C       		.uleb128 0x3c
 478 009b 19       		.uleb128 0x19
 479 009c 6E       		.uleb128 0x6e
 480 009d 0E       		.uleb128 0xe
 481 009e 03       		.uleb128 0x3
 482 009f 0E       		.uleb128 0xe
 483 00a0 3A       		.uleb128 0x3a
 484 00a1 0B       		.uleb128 0xb
 485 00a2 3B       		.uleb128 0x3b
 486 00a3 0B       		.uleb128 0xb
 487 00a4 00       		.byte	0
 488 00a5 00       		.byte	0
 489 00a6 00       		.byte	0
 490              		.section	.debug_aranges,"",%progbits
 491 0000 24000000 		.4byte	0x24
 492 0004 0200     		.2byte	0x2
 493 0006 00000000 		.4byte	.Ldebug_info0
 494 000a 04       		.byte	0x4
 495 000b 00       		.byte	0
 496 000c 0000     		.2byte	0
 497 000e 0000     		.2byte	0
 498 0010 00000000 		.4byte	.LFB64
ARM GAS  C:\Users\umber\AppData\Local\Temp\ccm0hC1G.s 			page 11


 499 0014 38000000 		.4byte	.LFE64-.LFB64
 500 0018 00000000 		.4byte	.LFB65
 501 001c 2C000000 		.4byte	.LFE65-.LFB65
 502 0020 00000000 		.4byte	0
 503 0024 00000000 		.4byte	0
 504              		.section	.debug_ranges,"",%progbits
 505              	.Ldebug_ranges0:
 506 0000 00000000 		.4byte	.LFB64
 507 0004 38000000 		.4byte	.LFE64
 508 0008 00000000 		.4byte	.LFB65
 509 000c 2C000000 		.4byte	.LFE65
 510 0010 00000000 		.4byte	0
 511 0014 00000000 		.4byte	0
 512              		.section	.debug_line,"",%progbits
 513              	.Ldebug_line0:
 514 0000 B8010000 		.section	.debug_str,"MS",%progbits,1
 514      02008901 
 514      00000201 
 514      FB0E0D00 
 514      01010101 
 515              	.LASF4:
 516 0000 5F5F7569 		.ascii	"__uint8_t\000"
 516      6E74385F 
 516      7400
 517              	.LASF5:
 518 000a 5F5F696E 		.ascii	"__int32_t\000"
 518      7433325F 
 518      7400
 519              	.LASF32:
 520 0014 433A5C55 		.ascii	"C:\\Users\\umber\\Downloads\\AY2122_II_Project-4\\P"
 520      73657273 
 520      5C756D62 
 520      65725C44 
 520      6F776E6C 
 521 0042 536F4320 		.ascii	"SoC Code\\AY2122_II\\Project4.cydsn\000"
 521      436F6465 
 521      5C415932 
 521      3132325F 
 521      49495C50 
 522              	.LASF22:
 523 0064 73746174 		.ascii	"status\000"
 523      757300
 524              	.LASF12:
 525 006b 696E7433 		.ascii	"int32_t\000"
 525      325F7400 
 526              	.LASF13:
 527 0073 666C6F61 		.ascii	"float\000"
 527      7400
 528              	.LASF25:
 529 0079 6C656453 		.ascii	"ledStatus\000"
 529      74617475 
 529      7300
 530              	.LASF1:
 531 0083 756E7369 		.ascii	"unsigned char\000"
 531      676E6564 
 531      20636861 
 531      7200
ARM GAS  C:\Users\umber\AppData\Local\Temp\ccm0hC1G.s 			page 12


 532              	.LASF30:
 533 0091 474E5520 		.ascii	"GNU C11 5.4.1 20160609 (release) [ARM/embedded-5-br"
 533      43313120 
 533      352E342E 
 533      31203230 
 533      31363036 
 534 00c4 616E6368 		.ascii	"anch revision 237715] -mcpu=cortex-m3 -mthumb -g -O"
 534      20726576 
 534      6973696F 
 534      6E203233 
 534      37373135 
 535 00f7 67202D66 		.ascii	"g -ffunction-sections -ffat-lto-objects\000"
 535      66756E63 
 535      74696F6E 
 535      2D736563 
 535      74696F6E 
 536              	.LASF7:
 537 011f 6C6F6E67 		.ascii	"long unsigned int\000"
 537      20756E73 
 537      69676E65 
 537      6420696E 
 537      7400
 538              	.LASF3:
 539 0131 73686F72 		.ascii	"short unsigned int\000"
 539      7420756E 
 539      7369676E 
 539      65642069 
 539      6E7400
 540              	.LASF20:
 541 0144 49544D5F 		.ascii	"ITM_RxBuffer\000"
 541      52784275 
 541      66666572 
 541      00
 542              	.LASF19:
 543 0151 43757374 		.ascii	"Custom_ISR_LED\000"
 543      6F6D5F49 
 543      53525F4C 
 543      454400
 544              	.LASF14:
 545 0160 646F7562 		.ascii	"double\000"
 545      6C6500
 546              	.LASF24:
 547 0167 70726F62 		.ascii	"problem\000"
 547      6C656D00 
 548              	.LASF10:
 549 016f 756E7369 		.ascii	"unsigned int\000"
 549      676E6564 
 549      20696E74 
 549      00
 550              	.LASF29:
 551 017c 50696E5F 		.ascii	"Pin_LED_Write\000"
 551      4C45445F 
 551      57726974 
 551      6500
 552              	.LASF9:
 553 018a 6C6F6E67 		.ascii	"long long unsigned int\000"
 553      206C6F6E 
ARM GAS  C:\Users\umber\AppData\Local\Temp\ccm0hC1G.s 			page 13


 553      6720756E 
 553      7369676E 
 553      65642069 
 554              	.LASF11:
 555 01a1 75696E74 		.ascii	"uint8_t\000"
 555      385F7400 
 556              	.LASF28:
 557 01a9 50696E5F 		.ascii	"Pin_LED_Read\000"
 557      4C45445F 
 557      52656164 
 557      00
 558              	.LASF23:
 559 01b6 63685F72 		.ascii	"ch_received\000"
 559      65636569 
 559      76656400 
 560              	.LASF17:
 561 01c2 73697A65 		.ascii	"sizetype\000"
 561      74797065 
 561      00
 562              	.LASF8:
 563 01cb 6C6F6E67 		.ascii	"long long int\000"
 563      206C6F6E 
 563      6720696E 
 563      7400
 564              	.LASF18:
 565 01d9 43757374 		.ascii	"Custom_ISR_RX\000"
 565      6F6D5F49 
 565      53525F52 
 565      5800
 566              	.LASF27:
 567 01e7 54696D65 		.ascii	"Timer_LED_ReadStatusRegister\000"
 567      725F4C45 
 567      445F5265 
 567      61645374 
 567      61747573 
 568              	.LASF21:
 569 0204 64617461 		.ascii	"dataReady\000"
 569      52656164 
 569      7900
 570              	.LASF2:
 571 020e 73686F72 		.ascii	"short int\000"
 571      7420696E 
 571      7400
 572              	.LASF6:
 573 0218 6C6F6E67 		.ascii	"long int\000"
 573      20696E74 
 573      00
 574              	.LASF15:
 575 0221 63686172 		.ascii	"char\000"
 575      00
 576              	.LASF16:
 577 0226 6C6F6E67 		.ascii	"long double\000"
 577      20646F75 
 577      626C6500 
 578              	.LASF0:
 579 0232 7369676E 		.ascii	"signed char\000"
 579      65642063 
ARM GAS  C:\Users\umber\AppData\Local\Temp\ccm0hC1G.s 			page 14


 579      68617200 
 580              	.LASF26:
 581 023e 55415254 		.ascii	"UART_GetChar\000"
 581      5F476574 
 581      43686172 
 581      00
 582              	.LASF31:
 583 024b 496E7465 		.ascii	"InterruptRoutines.c\000"
 583      72727570 
 583      74526F75 
 583      74696E65 
 583      732E6300 
 584              		.ident	"GCC: (GNU Tools for ARM Embedded Processors) 5.4.1 20160609 (release) [ARM/embedded-5-bran
